This is LuaTeX, Version 1.07.0 (TeX Live 2018)  (format=lualatex 2018.8.31)  2 DEC 2018 12:45
 restricted system commands enabled.
**tese.tex
(./tese.tex
LaTeX2e <2018-04-01> patch level 2
Lua module: luaotfload-main 2017/01/29 2.80001 OpenType layout system.
Lua module: lualibs 2017-02-01 2.5 ConTeXt Lua standard libraries.
Lua module: lualibs-extended 2017-02-01 2.5 ConTeXt Lua libraries -- extended co
llection.(using write cache: /Users/mac/Library/texlive/2018/texmf-var/luatex-ca
che/generic)(using read cache: /usr/local/texlive/2018/texmf-var/luatex-cache/ge
neric /Users/mac/Library/texlive/2018/texmf-var/luatex-cache/generic)
luaotfload | conf : Root cache directory is /Users/mac/Library/texlive/2018/texm
f-var/luatex-cache/generic/names.
luaotfload | init : Loading fontloader “fontloader-2017-02-11.lua” from kpse
-resolved path “/usr/local/texlive/2018/texmf-dist/tex/luatex/luaotfload/fontl
oader-2017-02-11.lua”.
Lua-only attribute luaotfload@state = 1
Lua-only attribute luaotfload@noligature = 2
Lua-only attribute luaotfload@syllabe = 3
luaotfload | init : Context OpenType loader version “3.027”
Inserting `luaotfload.node_processor' at position 1 in `pre_linebreak_filter'.
Inserting `luaotfload.node_processor' at position 1 in `hpack_filter'.
Inserting `luaotfload.define_font' at position 1 in `define_font'.
Lua-only attribute luaotfload_color_attribute = 4
luaotfload | conf : Root cache directory is /Users/mac/Library/texlive/2018/texm
f-var/luatex-cache/generic/names.
Inserting `luaotfload.aux.set_sscale_dimens' at position 1 in `luaotfload.patch_
font'.
Inserting `luaotfload.aux.patch_cambria_domh' at position 2 in `luaotfload.patch
_font'.
Inserting `luaotfload.aux.fixup_fontdata' at position 1 in `luaotfload.patch_fon
t_unsafe'.
Inserting `luaotfload.aux.set_capheight' at position 3 in `luaotfload.patch_font
'.
Inserting `luaotfload.rewrite_fontname' at position 4 in `luaotfload.patch_font'
.
luaotfload | main : initialization completed in 0.197 seconds
Babel <3.18> and hyphenation patterns for 1 language(s) loaded.
(/usr/local/texlive/2018/texmf-dist/tex/latex/abntex2/abntex2.cls
Document Class: abntex2 2016/02/26 v-1.9.6 abnTeX2
(/usr/local/texlive/2018/texmf-dist/tex/latex/base/ifthen.sty
Package: ifthen 2014/09/29 v1.1c Standard LaTeX ifthen package (DPC)
)
(/usr/local/texlive/2018/texmf-dist/tex/latex/memoir/memoir.cls
Document Class: memoir 2018/04/04 v3.7g configurable book, report, article docum
ent class
\onelineskip=\skip41
\lxvchars=\skip42
\xlvchars=\skip43
\@memcnta=\count80
\c@@memmarkcntra=\count81
(/usr/local/texlive/2018/texmf-dist/tex/generic/oberdiek/ifpdf.sty
Package: ifpdf 2017/03/15 v3.2 Provides the ifpdf switch
)
(/usr/local/texlive/2018/texmf-dist/tex/latex/ifetex/ifetex.sty
Package: ifetex 2018/03/31 v1.2a ifetex

(/usr/local/texlive/2018/texmf-dist/tex/plain/ifetex/ifetex.tex))
(/usr/local/texlive/2018/texmf-dist/tex/generic/ifxetex/ifxetex.sty
Package: ifxetex 2010/09/12 v0.6 Provides ifxetex conditional
)
(/usr/local/texlive/2018/texmf-dist/tex/generic/oberdiek/ifluatex.sty
Package: ifluatex 2016/05/16 v1.4 Provides the ifluatex switch (HO)
Package ifluatex Info: LuaTeX detected.
)
\stockheight=\skip44
\stockwidth=\skip45
\trimtop=\skip46
\trimedge=\skip47

(/usr/local/texlive/2018/texmf-dist/tex/latex/memoir/mem12.clo
File: mem12.clo 2010/10/19 v0.4b memoir class 12pt size option
luaotfload | db : Font names database loaded from /Users/mac/Library/texlive/201
8/texmf-var/luatex-cache/generic/names/luaotfload-names.luc(load luc: /Users/mac
/Library/texlive/2018/texmf-var/luatex-cache/generic/fonts/otl/lmroman12-regular
.luc))
\binding=\skip48
\spinemargin=\skip49
\foremargin=\skip50
\uppermargin=\skip51
\lowermargin=\skip52
\headdrop=\skip53
\normalrulethickness=\skip54
\mem@maxheadheight=\skip55
\mem@maxfootheight=\skip56
\headwidth=\skip57
\c@storedpagenumber=\count82
\memPD=\dimen102
\m@mabparskip=\skip58
\thanksmarkwidth=\skip59
\thanksmarksep=\skip60
\droptitle=\skip61
\c@book=\count83
\c@part=\count84
\c@chapter=\count85
\c@section=\count86
\c@subsection=\count87
\c@subsubsection=\count88
\c@paragraph=\count89
\c@subparagraph=\count90
\beforechapskip=\skip62
\midchapskip=\skip63
\afterchapskip=\skip64
\chapindent=\skip65
\bottomsectionskip=\skip66
\secindent=\skip67
\beforesecskip=\skip68
\aftersecskip=\skip69
\subsecindent=\skip70
\beforesubsecskip=\skip71
\aftersubsecskip=\skip72
\subsubsecindent=\skip73
\beforesubsubsecskip=\skip74
\aftersubsubsecskip=\skip75
\paraindent=\skip76
\beforeparaskip=\skip77
\afterparaskip=\skip78
\subparaindent=\skip79
\beforesubparaskip=\skip80
\aftersubparaskip=\skip81
\pfbreakskip=\skip82
\c@@ppsavesec=\count91
\c@@ppsaveapp=\count92
\ragrparindent=\dimen103
\everylistparindent=\dimen104
\parsepi=\skip83
\topsepi=\skip84
\itemsepi=\skip85
\parsepii=\skip86
\topsepii=\skip87
\topsepiii=\skip88
\itemsepii=\skip89
\itemsepiii=\skip90
\partopsepii=\skip91
\partopsepiii=\skip92
\m@msavetopsep=\skip93
\m@msavepartopsep=\skip94
\@enLab=\toks14
\abstitleskip=\skip95
\absleftindent=\skip96
\abs@leftindent=\dimen105
\absrightindent=\skip97
\absparindent=\skip98
\absparsep=\skip99
\c@vslineno=\count93
\c@poemline=\count94
\c@modulo@vs=\count95
\c@memfvsline=\count96
\vleftskip=\skip100
\vrightskip=\skip101
\stanzaskip=\skip102
\versewidth=\skip103
\vgap=\skip104
\vindent=\skip105
\vleftmargin=\dimen106
\c@verse=\count97
\c@chrsinstr=\count98
\beforepoemtitleskip=\skip106
\afterpoemtitleskip=\skip107
\c@poem=\count99
\beforePoemTitleskip=\skip108
\midPoemTitleskip=\skip109
\afterPoemTitleskip=\skip110
\col@sep=\dimen107
\extrarowheight=\dimen108
\NC@list=\toks15
\extratabsurround=\skip111
\backup@length=\skip112
\TX@col@width=\dimen109
\TX@old@table=\dimen110
\TX@old@col=\dimen111
\TX@target=\dimen112
\TX@delta=\dimen113
\TX@cols=\count100
\TX@ftn=\toks16
\heavyrulewidth=\dimen114
\lightrulewidth=\dimen115
\cmidrulewidth=\dimen116
\belowrulesep=\dimen117
\belowbottomsep=\dimen118
\aboverulesep=\dimen119
\abovetopsep=\dimen120
\cmidrulesep=\dimen121
\cmidrulekern=\dimen122
\defaultaddspace=\dimen123
\@cmidla=\count101
\@cmidlb=\count102
\@aboverulesep=\dimen124
\@belowrulesep=\dimen125
\@thisruleclass=\count103
\@lastruleclass=\count104
\@thisrulewidth=\dimen126
\ctableftskip=\skip113
\ctabrightskip=\skip114
\abovecolumnspenalty=\count105
\@linestogo=\count106
\@cellstogo=\count107
\@cellsincolumn=\count108
\crtok=\toks17
\@mincolumnwidth=\dimen127
\c@newflo@tctr=\count109
\mem@margin@floatbox=\box26
\@contcwidth=\skip115
\@contindw=\skip116
\abovecaptionskip=\skip117
\belowcaptionskip=\skip118
\subfloattopskip=\skip119
\subfloatcapskip=\skip120
\subfloatcaptopadj=\skip121
\subfloatbottomskip=\skip122
\subfloatlabelskip=\skip123
\subfloatcapmargin=\dimen128
\c@@contsubnum=\count110
\m@mscap@capbox=\box27
\m@mscap@fbox=\box28
\sidecapsep=\dimen129
\sidecapwidth=\dimen130
\m@m@tempdima=\dimen131
\m@mscapraise=\dimen132
\sidecapraise=\dimen133
\m@mscapmainwidth=\dimen134
\m@mscaplkern=\dimen135
\beforeepigraphskip=\skip124
\afterepigraphskip=\skip125
\epigraphwidth=\skip126
\epigraphrule=\skip127
LaTeX Info: Redefining \em on input line 7578.
LaTeX Info: Redefining \emph on input line 7586.
\tocentryskip=\skip128
\tocbaseline=\skip129
\cftparskip=\skip130
\cftbeforebookskip=\skip131
\cftbookindent=\dimen136
\cftbooknumwidth=\dimen137
\cftbeforepartskip=\skip132
\cftpartindent=\skip133
\cftpartnumwidth=\skip134
\cftbeforechapterskip=\skip135
\cftchapterindent=\skip136
\cftchapternumwidth=\skip137
\cftbeforesectionskip=\skip138
\cftsectionindent=\skip139
\cftsectionnumwidth=\skip140
\cftbeforesubsectionskip=\skip141
\cftsubsectionindent=\skip142
\cftsubsectionnumwidth=\skip143
\cftbeforesubsubsectionskip=\skip144
\cftsubsubsectionindent=\skip145
\cftsubsubsectionnumwidth=\skip146
\cftbeforeparagraphskip=\skip147
\cftparagraphindent=\skip148
\cftparagraphnumwidth=\skip149
\cftbeforesubparagraphskip=\skip150
\cftsubparagraphindent=\skip151
\cftsubparagraphnumwidth=\skip152
\prechapterprecisshift=\dimen138
\c@maxsecnumdepth=\count111
\bibindent=\dimen139
\bibitemsep=\skip153
\indexcolsep=\skip154
\indexrule=\skip155
\indexmarkstyle=\toks18
\@indexbox=\insert199
\glossarycolsep=\dimen140
\glossaryrule=\dimen141
\sideparvshift=\skip156
\sideins=\insert198
\sidebartopsep=\skip157
\sidebarhsep=\skip158
\sidebarvsep=\skip159
\sidebarwidth=\skip160
\footmarkwidth=\skip161
\footmarksep=\skip162
\footparindent=\skip163
\footinsdim=\skip164
\footinsv@r=\insert197
\@mpfootinsv@r=\insert196
\m@m@k=\count112
\m@m@h=\dimen142
\m@mipn@skip=\skip165
(load luc: /Users/mac/Library/texlive/2018/texmf-var/luatex-cache/generic/fonts/
otl/lmroman10-regular.luc)
\sidefootins=\insert195
\sidefootadjust=\skip166
\sidefootheight=\skip167
\sidefoothsep=\skip168
\sidefootvsep=\skip169
\sidefootwidth=\skip170
\m@mdownsf=\skip171
\c@sidefootnote=\count113
\sidefootmarkwidth=\skip172
\sidefootmarksep=\skip173
\sidefootparindent=\skip174
\c@pagenote=\count114
\c@pagenoteshadow=\count115
\mem@pn@lastkern=\skip175
\every@verbatim=\toks19
\afterevery@verbatim=\toks20
\verbatim@line=\toks21
\tab@position=\count116
\verbatim@in@stream=\read1
\verbatimindent=\skip176
\verbatim@out=\write3
\bvboxsep=\skip177
\c@memfbvline=\count117
\c@bvlinectr=\count118
\bvnumlength=\skip178
\fb@frw=\dimen143
\fb@frh=\dimen144
\FrameRule=\dimen145
\FrameSep=\dimen146
\c@cp@cntr=\count119
LaTeX Info: Redefining \: on input line 12100.
LaTeX Info: Redefining \! on input line 12102.
\c@ism@mctr=\count120
\c@xsm@mctr=\count121
\c@csm@mctr=\count122
\c@ksm@mctr=\count123
\c@xksm@mctr=\count124
\c@cksm@mctr=\count125
\c@msm@mctr=\count126
\c@xmsm@mctr=\count127
\c@cmsm@mctr=\count128
\c@bsm@mctr=\count129
\c@workm@mctr=\count130
\c@sheetsequence=\count131
\c@lastsheet=\count132
\c@lastpage=\count133
\c@figure=\count134
\c@lofdepth=\count135
\cftbeforefigureskip=\skip179
\cftfigureindent=\skip180
\cftfigurenumwidth=\skip181
\c@table=\count136
\c@lotdepth=\count137
\cftbeforetableskip=\skip182
\cfttableindent=\skip183
\cfttablenumwidth=\skip184
Package abstract [2008/07/23] emulated by memoir.
Package appendix [2008/07/23] emulated by memoir.
Package array [2016/10/06] emulated by memoir.
Package booktabs [2016/05/16] emulated by memoir.
Package ccaption [2008/07/23] emulated by memoir.
Package changepage [2008/07/23] emulated by memoir.
Package chngcntr [2008/07/23] emulated by memoir.
Package chngpage [2008/07/23] emulated by memoir.
Package crop emulated by memoir.
Package dcolumn [2008/07/23] emulated by memoir.
Package delarray [2014/10/28] emulated by memoir.
Package enumerate [2008/07/23] emulated by memoir.
Package epigraph [2008/07/23] emulated by memoir.
Package ifmtarg [2008/07/23] emulated by memoir.
Package index [2008/07/23] emulated by memoir.
Package makeidx [2008/07/23] emulated by memoir.
Package moreverb [2008/07/23] emulated by memoir.
Package mparhack [2008/07/23] emulated by memoir.
Package needspace [2008/07/23] emulated by memoir.
Package newfile [2008/07/23] emulated by memoir.
Package nextpage [2008/07/23] emulated by memoir.
Package pagenote [2008/07/23] emulated by memoir.
Package parskip [2008/07/23] emulated by memoir.
Package patchcmd [2008/07/23] emulated by memoir.
Package setspace [2008/07/23] emulated by memoir.
Package shortvrb [2008/07/23] emulated by memoir.
Package showidx [2008/07/23] emulated by memoir.
Package tabularx [2016/02/03] emulated by memoir.
Package titleref [2008/07/23] emulated by memoir.
Package titling [2008/07/23] emulated by memoir.
Package tocbibind [2008/07/23] emulated by memoir.
Package tocloft [2008/07/23] emulated by memoir.
Package tocvsec2 [2008/07/23] emulated by memoir.
Package verbatim [2008/07/23] emulated by memoir.
Package verse [2008/07/23] emulated by memoir.
)
(/usr/local/texlive/2018/texmf-dist/tex/latex/textcase/textcase.sty
Package: textcase 2004/10/07 v0.07 Text only upper/lower case changing (DPC)
LaTeX Info: Redefining \MakeTextUppercase on input line 47.
LaTeX Info: Redefining \MakeTextLowercase on input line 50.
)
(/usr/local/texlive/2018/texmf-dist/tex/latex/hyperref/hyperref.sty
Package: hyperref 2018/02/06 v6.86b Hypertext links for LaTeX

(/usr/local/texlive/2018/texmf-dist/tex/generic/oberdiek/hobsub-hyperref.sty
Package: hobsub-hyperref 2016/05/16 v1.14 Bundle oberdiek, subset hyperref (HO)

(/usr/local/texlive/2018/texmf-dist/tex/generic/oberdiek/hobsub-generic.sty
Package: hobsub-generic 2016/05/16 v1.14 Bundle oberdiek, subset generic (HO)
Package: hobsub 2016/05/16 v1.14 Construct package bundles (HO)
Package: infwarerr 2016/05/16 v1.4 Providing info/warning/error messages (HO)
Package: ltxcmds 2016/05/16 v1.23 LaTeX kernel commands for general use (HO)
Package hobsub Info: Skipping package `ifluatex' (already loaded).
Package: ifvtex 2016/05/16 v1.6 Detect VTeX and its facilities (HO)
Package ifvtex Info: VTeX not detected.
Package: intcalc 2016/05/16 v1.2 Expandable calculations with integers (HO)
Package hobsub Info: Skipping package `ifpdf' (already loaded).
Package: etexcmds 2016/05/16 v1.6 Avoid name clashes with e-TeX commands (HO)
Package: kvsetkeys 2016/05/16 v1.17 Key value parser (HO)
Package: kvdefinekeys 2016/05/16 v1.4 Define keys (HO)
Package: luatex-loader 2016/05/16 v0.6 Lua module loader (HO)

(/usr/local/texlive/2018/texmf-dist/scripts/oberdiek/oberdiek.luatex.lua)
Package: pdftexcmds 2018/01/30 v0.27 Utility functions of pdfTeX for LuaTeX (HO)

Package pdftexcmds Info: \pdf@primitive is available.
Package pdftexcmds Info: \pdf@ifprimitive is available.
Package pdftexcmds Info: \pdfdraftmode found.
\pdftexcmds@toks=\toks22
Package: pdfescape 2016/05/16 v1.14 Implements pdfTeX's escape features (HO)
Package: bigintcalc 2016/05/16 v1.4 Expandable calculations on big integers (HO)

Package: bitset 2016/05/16 v1.2 Handle bit-vector datatype (HO)
Package: uniquecounter 2016/05/16 v1.3 Provide unlimited unique counter (HO)
)
Package hobsub Info: Skipping package `hobsub' (already loaded).
Package: letltxmacro 2016/05/16 v1.5 Let assignment for LaTeX macros (HO)
Package: hopatch 2016/05/16 v1.3 Wrapper for package hooks (HO)
Package: xcolor-patch 2016/05/16 xcolor patch
Package: atveryend 2016/05/16 v1.9 Hooks at the very end of document (HO)
Package atveryend Info: \enddocument detected (standard20110627).
Package: atbegshi 2016/06/09 v1.18 At begin shipout hook (HO)
Package: refcount 2016/05/16 v3.5 Data extraction from label references (HO)
Package: hycolor 2016/05/16 v1.8 Color options for hyperref/bookmark (HO)
)
(/usr/local/texlive/2018/texmf-dist/tex/latex/graphics/keyval.sty
Package: keyval 2014/10/28 v1.15 key=value parser (DPC)
\KV@toks@=\toks23
)
(/usr/local/texlive/2018/texmf-dist/tex/latex/oberdiek/auxhook.sty
Package: auxhook 2016/05/16 v1.4 Hooks for auxiliary files (HO)
)
(/usr/local/texlive/2018/texmf-dist/tex/latex/oberdiek/kvoptions.sty
Package: kvoptions 2016/05/16 v3.12 Key value format for package options (HO)
)
\@linkdim=\dimen147
\Hy@linkcounter=\count138
\Hy@pagecounter=\count139

(/usr/local/texlive/2018/texmf-dist/tex/latex/hyperref/pd1enc.def
File: pd1enc.def 2018/02/06 v6.86b Hyperref: PDFDocEncoding definition (HO)
)
\Hy@SavedSpaceFactor=\count140

(/usr/local/texlive/2018/texmf-dist/tex/latex/latexconfig/hyperref.cfg
File: hyperref.cfg 2002/06/06 v1.2 hyperref configuration of TeXLive
)
Package hyperref Info: Hyper figures OFF on input line 4509.
Package hyperref Info: Link nesting OFF on input line 4514.
Package hyperref Info: Hyper index ON on input line 4517.
Package hyperref Info: Plain pages OFF on input line 4524.
Package hyperref Info: Backreferencing OFF on input line 4529.
Package hyperref Info: Implicit mode ON; LaTeX internals redefined.
Package hyperref Info: Bookmarks ON on input line 4762.
\c@Hy@tempcnt=\count141

(/usr/local/texlive/2018/texmf-dist/tex/latex/url/url.sty
\Urlmuskip=\muskip10
Package: url 2013/09/16  ver 3.4  Verb mode for urls, etc.
)
LaTeX Info: Redefining \url on input line 5115.
\XeTeXLinkMargin=\dimen148
\Fld@menulength=\count142
\Field@Width=\dimen149
\Fld@charsize=\dimen150
Package hyperref Info: Hyper figures OFF on input line 6369.
Package hyperref Info: Link nesting OFF on input line 6374.
Package hyperref Info: Hyper index ON on input line 6377.
Package hyperref Info: backreferencing OFF on input line 6384.
Package hyperref Info: Link coloring OFF on input line 6389.
Package hyperref Info: Link coloring with OCG OFF on input line 6394.
Package hyperref Info: PDF/A mode OFF on input line 6399.
LaTeX Info: Redefining \ref on input line 6439.
LaTeX Info: Redefining \pageref on input line 6443.
\Hy@abspage=\count143
\c@Item=\count144
\c@Hfootnote=\count145
)
(/usr/local/texlive/2018/texmf-dist/tex/latex/memoir/memhfixc.sty
Package: memhfixc 2013/05/30 v1.17 nameref/hyperref package fixes for memoir cla
ss
\c@memhycontfloat=\count146
\c@Hpagenote=\count147
)
Package hyperref Info: Driver (autodetected): hluatex.

(/usr/local/texlive/2018/texmf-dist/tex/latex/hyperref/hluatex.def
File: hluatex.def 2018/02/06 v6.86b Hyperref driver for luaTeX
\Fld@listcount=\count148
\c@bookmark@seq@number=\count149

(/usr/local/texlive/2018/texmf-dist/tex/latex/oberdiek/rerunfilecheck.sty
Package: rerunfilecheck 2016/05/16 v1.8 Rerun checks for auxiliary files (HO)
Package uniquecounter Info: New unique counter `rerunfilecheck' on input line 28
2.
)
\Hy@SectionHShift=\skip185
)
(/usr/local/texlive/2018/texmf-dist/tex/latex/oberdiek/bookmark.sty
Package: bookmark 2016/05/17 v1.26 PDF bookmarks (HO)

(/usr/local/texlive/2018/texmf-dist/tex/latex/oberdiek/bkm-pdftex.def
File: bkm-pdftex.def 2016/05/17 v1.26 bookmark driver for pdfTeX (HO)
\BKM@id=\count150
))
(/usr/local/texlive/2018/texmf-dist/tex/generic/babel/babel.sty
Package: babel 2018/02/14 3.18 The Babel package

(/usr/local/texlive/2018/texmf-dist/tex/generic/babel/switch.def
File: switch.def 2018/02/14 3.18 Babel switching mechanism
)
(/usr/local/texlive/2018/texmf-dist/tex/generic/babel/luababel.def
\l@dumylang=\language2
Package babel Info: Non-standard hyphenation setup on input line 113.
\l@nohyphenation=\language3
\l@german-x-2018-03-31=\language4
\l@ngerman-x-2018-03-31=\language5
\l@afrikaans=\language6
\l@ancientgreek=\language7
\l@ibycus=\language8
\l@arabic=\language9
\l@armenian=\language10
\l@basque=\language11
\l@belarusian=\language12
\l@bulgarian=\language13
\l@catalan=\language14
\l@pinyin=\language15
\l@churchslavonic=\language16
\l@coptic=\language17
\l@croatian=\language18
\l@czech=\language19
\l@danish=\language20
\l@dutch=\language21
\l@ukenglish=\language22
\l@usenglishmax=\language23
\l@esperanto=\language24
\l@estonian=\language25
\l@ethiopic=\language26
\l@farsi=\language27
\l@finnish=\language28
\l@french=\language29
\l@friulan=\language30
\l@galician=\language31
\l@georgian=\language32
\l@german=\language33
\l@ngerman=\language34
\l@swissgerman=\language35
\l@monogreek=\language36
\l@greek=\language37
\l@hungarian=\language38
\l@icelandic=\language39
\l@assamese=\language40
\l@bengali=\language41
\l@gujarati=\language42
\l@hindi=\language43
\l@kannada=\language44
\l@malayalam=\language45
\l@marathi=\language46
\l@oriya=\language47
\l@panjabi=\language48
\l@tamil=\language49
\l@telugu=\language50
\l@indonesian=\language51
\l@interlingua=\language52
\l@irish=\language53
\l@italian=\language54
\l@kurmanji=\language55
\l@latin=\language56
\l@classiclatin=\language57
\l@liturgicallatin=\language58
\l@latvian=\language59
\l@lithuanian=\language60
\l@mongolian=\language61
\l@mongolianlmc=\language62
\l@bokmal=\language63
\l@nynorsk=\language64
\l@occitan=\language65
\l@piedmontese=\language66
\l@polish=\language67
\l@portuguese=\language68
\l@romanian=\language69
\l@romansh=\language70
\l@russian=\language71
\l@sanskrit=\language72
\l@serbian=\language73
\l@serbianc=\language74
\l@slovak=\language75
\l@slovenian=\language76
\l@spanish=\language77
\l@swedish=\language78
\l@thai=\language79
\l@turkish=\language80
\l@turkmen=\language81
\l@ukrainian=\language82
\l@uppersorbian=\language83
\l@welsh=\language84
)
(/usr/local/texlive/2018/texmf-dist/tex/generic/babel-english/english.ldf
Language: english 2017/06/06 v3.3r English support from the babel system

(/usr/local/texlive/2018/texmf-dist/tex/generic/babel/babel.def
File: babel.def 2018/02/14 3.18 Babel common definitions
\babel@savecnt=\count151
\U@D=\dimen151

(/usr/local/texlive/2018/texmf-dist/tex/generic/babel/luababel.def))
\l@canadian = a dialect from \language\l@american 
\l@australian = a dialect from \language\l@british 
\l@newzealand = a dialect from \language\l@british 
)
(/usr/local/texlive/2018/texmf-dist/tex/generic/babel-french/french.ldf
Language: french 2018/03/25 v3.4c French support from the babel system
\l@acadian = a dialect from \language\l@french 
\FB@nonchar=\count152
\FB@spacing=\attribute5
\FB@addDPspace=\attribute6
\FB@addGUILspace=\attribute7
\FB@ucsNBSP=\attribute8
\FB@dialect=\attribute9
Package french.ldf Info: No need for active punctuation characters
(french.ldf)             with this version of LuaTeX!
(french.ldf)             reported on input line 250.
\FBguill@level=\count153
\FB@everypar=\toks24
\FB@Mht=\dimen152
LaTeX Info: Redefining \degres on input line 757.
\mc@charclass=\count154
\mc@charfam=\count155
\mc@charslot=\count156
\std@mcc=\count157
\dec@mcc=\count158
Inserting `frenchb.french_punctuation' at position 1 in `kerning'.
\c@FBcaption@count=\count159
\listindentFB=\skip186
\descindentFB=\skip187
\labelwidthFB=\skip188
\leftmarginFB=\skip189
\parindentFFN=\dimen153
\FBfnindent=\skip190

(/usr/local/texlive/2018/texmf-dist/tex/generic/hyph-utf8/loadhyph/loadhyph-fr.
tex UTF-8 French hyphenation patterns
(/usr/local/texlive/2018/texmf-dist/tex/generic/hyph-utf8/patterns/tex/hyph-fr.
tex)
(/usr/local/texlive/2018/texmf-dist/tex/generic/hyph-utf8/patterns/quote/hyph-q
uote-fr.tex)))
(/usr/local/texlive/2018/texmf-dist/tex/generic/babel-spanish/spanish.ldf
Language: spanish.ldf 2016/03/03 v5.0p Spanish support from the babel system
\es@quottoks=\toks25
\es@quotdepth=\count160
Package babel Info: Making " an active character on input line 561.
Package babel Info: Making . an active character on input line 662.
Package babel Info: Making < an active character on input line 707.
Package babel Info: Making > an active character on input line 707.

(/usr/local/texlive/2018/texmf-dist/tex/generic/hyph-utf8/loadhyph/loadhyph-es.
tex UTF-8 Spanish hyphenation patterns
(/usr/local/texlive/2018/texmf-dist/tex/generic/hyph-utf8/patterns/tex/hyph-es.
tex)))
(/usr/local/texlive/2018/texmf-dist/tex/generic/babel-portuges/portuges.ldf
Language: portuges 2008/03/18 v1.2q Portuguese support from the babel system
\l@brazil = a dialect from \language\l@portuges 

(/usr/local/texlive/2018/texmf-dist/tex/generic/hyph-utf8/loadhyph/loadhyph-pt.
tex UTF-8 Portuguese hyphenation patterns
(/usr/local/texlive/2018/texmf-dist/tex/generic/hyph-utf8/patterns/tex/hyph-pt.
tex)))) (/usr/local/texlive/2018/texmf-dist/tex/latex/carlisle/scalefnt.sty)
(/usr/local/texlive/2018/texmf-dist/tex/latex/enumitem/enumitem.sty
Package: enumitem 2011/09/28 v3.5.2 Customized lists
\labelindent=\skip191
\enit@outerparindent=\dimen154
\enit@toks=\toks26
\enit@inbox=\box29
\enitdp@description=\count161
)
(/usr/local/texlive/2018/texmf-dist/tex/latex/tools/calc.sty
Package: calc 2017/05/25 v4.3 Infix arithmetic (KKT,FJ)
\calc@Acount=\count162
\calc@Bcount=\count163
\calc@Adimen=\dimen155
\calc@Bdimen=\dimen156
\calc@Askip=\skip192
\calc@Bskip=\skip193
LaTeX Info: Redefining \setlength on input line 80.
LaTeX Info: Redefining \addtolength on input line 81.
\calc@Ccount=\count164
\calc@Cskip=\skip194
)

******************************************************
Stock height and width: 845.04684pt by 597.50787pt
Top and edge trims: 0pt and 0pt
Page height and width: 845.04684pt by 597.50787pt
Text height and width: 708pt by 455pt
Spine and edge margins: 85.35826pt and 56.9055pt
Upper and lower margins: 85.35826pt and 51.68858pt
Headheight and headsep: 14.5pt and 19.8738pt
Footskip: 30pt
Columnsep and columnseprule: 10pt and 0pt
Marginparsep and marginparwidth: 7pt and 42.9055pt
Sidecapsep and sidecapwidth: 7pt and 92pt
Sidebarhsep and sidebarwidth: 7pt and 92pt
Sidebarvsep and sidebartopsep: 14.5pt and 0pt
Sidebarheight: 590.14995pt
Sidefoothsep and sidefootwidth: 7pt and 92pt
Sidefootvsep and sidefootheight: 14.5pt and 590.14995pt
******************************************************

\c@abntex@bookmarkcounter=\count165
\cftlastnumwidth=\skip256
\chapternamenumlength=\skip257
\ABNTEXcitacaorecuo=\skip258
\c@alineasi=\count166
\c@alineasii=\count167
\enitdp@alineas=\count168
\c@subalineasi=\count169
\enitdp@subalineas=\count170
\c@incisosi=\count171
\enitdp@incisos=\count172
\ABNTEXsignwidth=\skip259
\ABNTEXsignthickness=\skip260
\ABNTEXsignskip=\skip261
) (/usr/local/texlive/2018/texmf-dist/tex/latex/lm/lmodern.sty
Package: lmodern 2009/10/30 v1.6 Latin Modern Fonts
LaTeX Font Info:    Overwriting symbol font `operators' in version `normal'
(Font)                  OT1/cmr/m/n --> OT1/lmr/m/n on input line 22.
LaTeX Font Info:    Overwriting symbol font `letters' in version `normal'
(Font)                  OML/cmm/m/it --> OML/lmm/m/it on input line 23.
LaTeX Font Info:    Overwriting symbol font `symbols' in version `normal'
(Font)                  OMS/cmsy/m/n --> OMS/lmsy/m/n on input line 24.
LaTeX Font Info:    Overwriting symbol font `largesymbols' in version `normal'
(Font)                  OMX/cmex/m/n --> OMX/lmex/m/n on input line 25.
LaTeX Font Info:    Overwriting symbol font `operators' in version `bold'
(Font)                  OT1/cmr/bx/n --> OT1/lmr/bx/n on input line 26.
LaTeX Font Info:    Overwriting symbol font `letters' in version `bold'
(Font)                  OML/cmm/b/it --> OML/lmm/b/it on input line 27.
LaTeX Font Info:    Overwriting symbol font `symbols' in version `bold'
(Font)                  OMS/cmsy/b/n --> OMS/lmsy/b/n on input line 28.
LaTeX Font Info:    Overwriting symbol font `largesymbols' in version `bold'
(Font)                  OMX/cmex/m/n --> OMX/lmex/m/n on input line 29.
LaTeX Font Info:    Overwriting math alphabet `\mathbf' in version `normal'
(Font)                  OT1/cmr/bx/n --> OT1/lmr/bx/n on input line 31.
LaTeX Font Info:    Overwriting math alphabet `\mathsf' in version `normal'
(Font)                  OT1/cmss/m/n --> OT1/lmss/m/n on input line 32.
LaTeX Font Info:    Overwriting math alphabet `\mathit' in version `normal'
(Font)                  OT1/cmr/m/it --> OT1/lmr/m/it on input line 33.
LaTeX Font Info:    Overwriting math alphabet `\mathtt' in version `normal'
(Font)                  OT1/cmtt/m/n --> OT1/lmtt/m/n on input line 34.
LaTeX Font Info:    Overwriting math alphabet `\mathbf' in version `bold'
(Font)                  OT1/cmr/bx/n --> OT1/lmr/bx/n on input line 35.
LaTeX Font Info:    Overwriting math alphabet `\mathsf' in version `bold'
(Font)                  OT1/cmss/bx/n --> OT1/lmss/bx/n on input line 36.
LaTeX Font Info:    Overwriting math alphabet `\mathit' in version `bold'
(Font)                  OT1/cmr/bx/it --> OT1/lmr/bx/it on input line 37.
LaTeX Font Info:    Overwriting math alphabet `\mathtt' in version `bold'
(Font)                  OT1/cmtt/m/n --> OT1/lmtt/m/n on input line 38.
)
(/usr/local/texlive/2018/texmf-dist/tex/latex/base/fontenc.sty
Package: fontenc 2017/04/05 v2.0i Standard LaTeX package

(/usr/local/texlive/2018/texmf-dist/tex/latex/base/t1enc.def
File: t1enc.def 2017/04/05 v2.0i Standard LaTeX file
LaTeX Font Info:    Redeclaring font encoding T1 on input line 48.
)
LaTeX Font Info:    Try loading font information for T1+lmr on input line 105.

(/usr/local/texlive/2018/texmf-dist/tex/latex/lm/t1lmr.fd
File: t1lmr.fd 2009/10/30 v1.6 Font defs for Latin Modern
))
(/usr/local/texlive/2018/texmf-dist/tex/latex/base/inputenc.sty
Package: inputenc 2018/04/06 v1.3b Input encoding file
\inpenc@prehook=\toks27
\inpenc@posthook=\toks28


Package inputenc Warning: inputenc package ignored with utf8 based engines.

) (/usr/local/texlive/2018/texmf-dist/tex/latex/lastpage/lastpage.sty
Package: lastpage 2015/03/29 v1.2m Refers to last page's name (HMM; JPG)
)
(/usr/local/texlive/2018/texmf-dist/tex/latex/tools/indentfirst.sty
Package: indentfirst 1995/11/23 v1.03 Indent first paragraph (DPC)
)
(/usr/local/texlive/2018/texmf-dist/tex/latex/graphics/color.sty
Package: color 2016/07/10 v1.1e Standard LaTeX Color (DPC)

(/usr/local/texlive/2018/texmf-dist/tex/latex/graphics-cfg/color.cfg
File: color.cfg 2016/01/02 v1.6 sample color configuration
)
Package color Info: Driver file: luatex.def on input line 147.

(/usr/local/texlive/2018/texmf-dist/tex/latex/graphics-def/luatex.def
File: luatex.def 2018/01/08 v1.0l Graphics/color driver for luatex
))
(/usr/local/texlive/2018/texmf-dist/tex/latex/graphics/graphicx.sty
Package: graphicx 2017/06/01 v1.1a Enhanced LaTeX Graphics (DPC,SPQR)

(/usr/local/texlive/2018/texmf-dist/tex/latex/graphics/graphics.sty
Package: graphics 2017/06/25 v1.2c Standard LaTeX Graphics (DPC,SPQR)

(/usr/local/texlive/2018/texmf-dist/tex/latex/graphics/trig.sty
Package: trig 2016/01/03 v1.10 sin cos tan (DPC)
)
(/usr/local/texlive/2018/texmf-dist/tex/latex/graphics-cfg/graphics.cfg
File: graphics.cfg 2016/06/04 v1.11 sample graphics configuration
)
Package graphics Info: Driver file: luatex.def on input line 99.
)
\Gin@req@height=\dimen157
\Gin@req@width=\dimen158
)
(/usr/local/texlive/2018/texmf-dist/tex/latex/microtype/microtype.sty
Package: microtype 2018/01/14 v2.7a Micro-typographical refinements (RS)
\MT@toks=\toks29
\MT@count=\count173
LaTeX Info: Redefining \textls on input line 793.
\MT@outer@kern=\dimen159
LaTeX Info: Redefining \textmicrotypecontext on input line 1339.
\MT@listname@count=\count174

(/usr/local/texlive/2018/texmf-dist/tex/latex/microtype/microtype-luatex.def
File: microtype-luatex.def 2018/01/14 v2.7a Definitions specific to luatex (RS)
Lua module: microtype 2018/01/14 2.7a microtype module.
LaTeX Info: Redefining \lsstyle on input line 679.
LaTeX Info: Redefining \lslig on input line 679.
\MT@outer@space=\skip262
)
Package microtype Info: Loading configuration file microtype.cfg.

(/usr/local/texlive/2018/texmf-dist/tex/latex/microtype/microtype.cfg
File: microtype.cfg 2018/01/14 v2.7a microtype main configuration file (RS)
))
(/usr/local/texlive/2018/texmf-dist/tex/latex/todonotes/todonotes.sty
Package: todonotes 2015/07/09 .dtx Todonotes source and documentation.
Package: todonotes 2012/07/25

(/usr/local/texlive/2018/texmf-dist/tex/latex/xkeyval/xkeyval.sty
Package: xkeyval 2014/12/03 v2.7a package option processing (HA)

(/usr/local/texlive/2018/texmf-dist/tex/generic/xkeyval/xkeyval.tex
(/usr/local/texlive/2018/texmf-dist/tex/generic/xkeyval/xkvutils.tex
\XKV@toks=\toks30
\XKV@tempa@toks=\toks31
)
\XKV@depth=\count175
File: xkeyval.tex 2014/12/03 v2.7a key=value parser (HA)
))
(/usr/local/texlive/2018/texmf-dist/tex/latex/xcolor/xcolor.sty
Package: xcolor 2016/05/11 v2.12 LaTeX color extensions (UK)

(/usr/local/texlive/2018/texmf-dist/tex/latex/graphics-cfg/color.cfg
File: color.cfg 2016/01/02 v1.6 sample color configuration
)
Package xcolor Info: Driver file: luatex.def on input line 225.
LaTeX Info: Redefining \color on input line 709.
Package xcolor Info: Model `cmy' substituted by `cmy0' on input line 1348.
Package xcolor Info: Model `hsb' substituted by `rgb' on input line 1352.
Package xcolor Info: Model `RGB' extended on input line 1364.
Package xcolor Info: Model `HTML' substituted by `rgb' on input line 1366.
Package xcolor Info: Model `Hsb' substituted by `hsb' on input line 1367.
Package xcolor Info: Model `tHsb' substituted by `hsb' on input line 1368.
Package xcolor Info: Model `HSB' substituted by `hsb' on input line 1369.
Package xcolor Info: Model `Gray' substituted by `gray' on input line 1370.
Package xcolor Info: Model `wave' substituted by `hsb' on input line 1371.
)
(/usr/local/texlive/2018/texmf-dist/tex/latex/pgf/frontendlayer/tikz.sty
(/usr/local/texlive/2018/texmf-dist/tex/latex/pgf/basiclayer/pgf.sty
(/usr/local/texlive/2018/texmf-dist/tex/latex/pgf/utilities/pgfrcs.sty
(/usr/local/texlive/2018/texmf-dist/tex/generic/pgf/utilities/pgfutil-common.te
x
\pgfutil@everybye=\toks32
\pgfutil@tempdima=\dimen160
\pgfutil@tempdimb=\dimen161

(/usr/local/texlive/2018/texmf-dist/tex/generic/pgf/utilities/pgfutil-common-li
sts.tex))
(/usr/local/texlive/2018/texmf-dist/tex/generic/pgf/utilities/pgfutil-latex.def
\pgfutil@abb=\box30
(/usr/local/texlive/2018/texmf-dist/tex/latex/ms/everyshi.sty
Package: everyshi 2001/05/15 v3.00 EveryShipout Package (MS)
))
(/usr/local/texlive/2018/texmf-dist/tex/generic/pgf/utilities/pgfrcs.code.tex
Package: pgfrcs 2015/08/07 v3.0.1a (rcs-revision 1.31)
))
Package: pgf 2015/08/07 v3.0.1a (rcs-revision 1.15)
(/usr/local/texlive/2018/texmf-dist/tex/latex/pgf/basiclayer/pgfcore.sty
(/usr/local/texlive/2018/texmf-dist/tex/latex/pgf/systemlayer/pgfsys.sty
(/usr/local/texlive/2018/texmf-dist/tex/generic/pgf/systemlayer/pgfsys.code.tex
Package: pgfsys 2014/07/09 v3.0.1a (rcs-revision 1.48)
(/usr/local/texlive/2018/texmf-dist/tex/generic/pgf/utilities/pgfkeys.code.tex
\pgfkeys@pathtoks=\toks33
\pgfkeys@temptoks=\toks34

(/usr/local/texlive/2018/texmf-dist/tex/generic/pgf/utilities/pgfkeysfiltered.c
ode.tex
\pgfkeys@tmptoks=\toks35
))
\pgf@x=\dimen162
\pgf@y=\dimen163
\pgf@xa=\dimen164
\pgf@ya=\dimen165
\pgf@xb=\dimen166
\pgf@yb=\dimen167
\pgf@xc=\dimen168
\pgf@yc=\dimen169
\w@pgf@writea=\write4
\r@pgf@reada=\read2
\c@pgf@counta=\count176
\c@pgf@countb=\count177
\c@pgf@countc=\count178
\c@pgf@countd=\count179
\t@pgf@toka=\toks36
\t@pgf@tokb=\toks37
\t@pgf@tokc=\toks38

(/usr/local/texlive/2018/texmf-dist/tex/generic/pgf/systemlayer/pgf.cfg
File: pgf.cfg 2008/05/14  (rcs-revision 1.7)
)
Driver file for pgf: pgfsys-luatex.def

(/usr/local/texlive/2018/texmf-dist/tex/generic/pgf/systemlayer/pgfsys-luatex.d
ef
File: pgfsys-luatex.def 2014/10/11  (rcs-revision 1.35)

(/usr/local/texlive/2018/texmf-dist/tex/generic/pgf/systemlayer/pgfsys-common-p
df.def
File: pgfsys-common-pdf.def 2013/10/10  (rcs-revision 1.13)
)))
(/usr/local/texlive/2018/texmf-dist/tex/generic/pgf/systemlayer/pgfsyssoftpath.
code.tex
File: pgfsyssoftpath.code.tex 2013/09/09  (rcs-revision 1.9)
\pgfsyssoftpath@smallbuffer@items=\count180
\pgfsyssoftpath@bigbuffer@items=\count181
)
(/usr/local/texlive/2018/texmf-dist/tex/generic/pgf/systemlayer/pgfsysprotocol.
code.tex
File: pgfsysprotocol.code.tex 2006/10/16  (rcs-revision 1.4)
))
(/usr/local/texlive/2018/texmf-dist/tex/generic/pgf/basiclayer/pgfcore.code.tex
Package: pgfcore 2010/04/11 v3.0.1a (rcs-revision 1.7)
(/usr/local/texlive/2018/texmf-dist/tex/generic/pgf/math/pgfmath.code.tex
(/usr/local/texlive/2018/texmf-dist/tex/generic/pgf/math/pgfmathcalc.code.tex
(/usr/local/texlive/2018/texmf-dist/tex/generic/pgf/math/pgfmathutil.code.tex)
(/usr/local/texlive/2018/texmf-dist/tex/generic/pgf/math/pgfmathparser.code.tex
\pgfmath@dimen=\dimen170
\pgfmath@count=\count182
\pgfmath@box=\box31
\pgfmath@toks=\toks39
\pgfmath@stack@operand=\toks40
\pgfmath@stack@operation=\toks41
)
(/usr/local/texlive/2018/texmf-dist/tex/generic/pgf/math/pgfmathfunctions.code.
tex
(/usr/local/texlive/2018/texmf-dist/tex/generic/pgf/math/pgfmathfunctions.basic
.code.tex)
(/usr/local/texlive/2018/texmf-dist/tex/generic/pgf/math/pgfmathfunctions.trigo
nometric.code.tex)
(/usr/local/texlive/2018/texmf-dist/tex/generic/pgf/math/pgfmathfunctions.rando
m.code.tex)
(/usr/local/texlive/2018/texmf-dist/tex/generic/pgf/math/pgfmathfunctions.compa
rison.code.tex)
(/usr/local/texlive/2018/texmf-dist/tex/generic/pgf/math/pgfmathfunctions.base.
code.tex)
(/usr/local/texlive/2018/texmf-dist/tex/generic/pgf/math/pgfmathfunctions.round
.code.tex)
(/usr/local/texlive/2018/texmf-dist/tex/generic/pgf/math/pgfmathfunctions.misc.
code.tex)
(/usr/local/texlive/2018/texmf-dist/tex/generic/pgf/math/pgfmathfunctions.integ
erarithmetics.code.tex)))
(/usr/local/texlive/2018/texmf-dist/tex/generic/pgf/math/pgfmathfloat.code.tex
\c@pgfmathroundto@lastzeros=\count183
))
(/usr/local/texlive/2018/texmf-dist/tex/generic/pgf/basiclayer/pgfcorepoints.co
de.tex
File: pgfcorepoints.code.tex 2013/10/07  (rcs-revision 1.27)
\pgf@picminx=\dimen171
\pgf@picmaxx=\dimen172
\pgf@picminy=\dimen173
\pgf@picmaxy=\dimen174
\pgf@pathminx=\dimen175
\pgf@pathmaxx=\dimen176
\pgf@pathminy=\dimen177
\pgf@pathmaxy=\dimen178
\pgf@xx=\dimen179
\pgf@xy=\dimen180
\pgf@yx=\dimen181
\pgf@yy=\dimen182
\pgf@zx=\dimen183
\pgf@zy=\dimen184
)
(/usr/local/texlive/2018/texmf-dist/tex/generic/pgf/basiclayer/pgfcorepathconst
ruct.code.tex
File: pgfcorepathconstruct.code.tex 2013/10/07  (rcs-revision 1.29)
\pgf@path@lastx=\dimen185
\pgf@path@lasty=\dimen186
)
(/usr/local/texlive/2018/texmf-dist/tex/generic/pgf/basiclayer/pgfcorepathusage
.code.tex
File: pgfcorepathusage.code.tex 2014/11/02  (rcs-revision 1.24)
\pgf@shorten@end@additional=\dimen187
\pgf@shorten@start@additional=\dimen188
)
(/usr/local/texlive/2018/texmf-dist/tex/generic/pgf/basiclayer/pgfcorescopes.co
de.tex
File: pgfcorescopes.code.tex 2015/05/08  (rcs-revision 1.46)
\pgfpic=\box32
\pgf@hbox=\box33
\pgf@layerbox@main=\box34
\pgf@picture@serial@count=\count184
)
(/usr/local/texlive/2018/texmf-dist/tex/generic/pgf/basiclayer/pgfcoregraphicst
ate.code.tex
File: pgfcoregraphicstate.code.tex 2014/11/02  (rcs-revision 1.12)
\pgflinewidth=\dimen189
)
(/usr/local/texlive/2018/texmf-dist/tex/generic/pgf/basiclayer/pgfcoretransform
ations.code.tex
File: pgfcoretransformations.code.tex 2015/08/07  (rcs-revision 1.20)
\pgf@pt@x=\dimen190
\pgf@pt@y=\dimen191
\pgf@pt@temp=\dimen192
)
(/usr/local/texlive/2018/texmf-dist/tex/generic/pgf/basiclayer/pgfcorequick.cod
e.tex
File: pgfcorequick.code.tex 2008/10/09  (rcs-revision 1.3)
)
(/usr/local/texlive/2018/texmf-dist/tex/generic/pgf/basiclayer/pgfcoreobjects.c
ode.tex
File: pgfcoreobjects.code.tex 2006/10/11  (rcs-revision 1.2)
)
(/usr/local/texlive/2018/texmf-dist/tex/generic/pgf/basiclayer/pgfcorepathproce
ssing.code.tex
File: pgfcorepathprocessing.code.tex 2013/09/09  (rcs-revision 1.9)
)
(/usr/local/texlive/2018/texmf-dist/tex/generic/pgf/basiclayer/pgfcorearrows.co
de.tex
File: pgfcorearrows.code.tex 2015/05/14  (rcs-revision 1.43)
\pgfarrowsep=\dimen193
)
(/usr/local/texlive/2018/texmf-dist/tex/generic/pgf/basiclayer/pgfcoreshade.cod
e.tex
File: pgfcoreshade.code.tex 2013/07/15  (rcs-revision 1.15)
\pgf@max=\dimen194
\pgf@sys@shading@range@num=\count185
)
(/usr/local/texlive/2018/texmf-dist/tex/generic/pgf/basiclayer/pgfcoreimage.cod
e.tex
File: pgfcoreimage.code.tex 2013/07/15  (rcs-revision 1.18)

(/usr/local/texlive/2018/texmf-dist/tex/generic/pgf/basiclayer/pgfcoreexternal.
code.tex
File: pgfcoreexternal.code.tex 2014/07/09  (rcs-revision 1.21)
\pgfexternal@startupbox=\box35
))
(/usr/local/texlive/2018/texmf-dist/tex/generic/pgf/basiclayer/pgfcorelayers.co
de.tex
File: pgfcorelayers.code.tex 2013/07/18  (rcs-revision 1.7)
)
(/usr/local/texlive/2018/texmf-dist/tex/generic/pgf/basiclayer/pgfcoretranspare
ncy.code.tex
File: pgfcoretransparency.code.tex 2013/09/30  (rcs-revision 1.5)
)
(/usr/local/texlive/2018/texmf-dist/tex/generic/pgf/basiclayer/pgfcorepatterns.
code.tex
File: pgfcorepatterns.code.tex 2013/11/07  (rcs-revision 1.5)
)))
(/usr/local/texlive/2018/texmf-dist/tex/generic/pgf/modules/pgfmoduleshapes.cod
e.tex
File: pgfmoduleshapes.code.tex 2014/03/21  (rcs-revision 1.35)
\pgfnodeparttextbox=\box36
)
(/usr/local/texlive/2018/texmf-dist/tex/generic/pgf/modules/pgfmoduleplot.code.
tex
File: pgfmoduleplot.code.tex 2015/08/03  (rcs-revision 1.13)
)
(/usr/local/texlive/2018/texmf-dist/tex/latex/pgf/compatibility/pgfcomp-version
-0-65.sty
Package: pgfcomp-version-0-65 2007/07/03 v3.0.1a (rcs-revision 1.7)
\pgf@nodesepstart=\dimen256
\pgf@nodesepend=\dimen257
)
(/usr/local/texlive/2018/texmf-dist/tex/latex/pgf/compatibility/pgfcomp-version
-1-18.sty
Package: pgfcomp-version-1-18 2007/07/23 v3.0.1a (rcs-revision 1.1)
))
(/usr/local/texlive/2018/texmf-dist/tex/latex/pgf/utilities/pgffor.sty
(/usr/local/texlive/2018/texmf-dist/tex/latex/pgf/utilities/pgfkeys.sty
(/usr/local/texlive/2018/texmf-dist/tex/generic/pgf/utilities/pgfkeys.code.tex))
 (/usr/local/texlive/2018/texmf-dist/tex/latex/pgf/math/pgfmath.sty
(/usr/local/texlive/2018/texmf-dist/tex/generic/pgf/math/pgfmath.code.tex))
(/usr/local/texlive/2018/texmf-dist/tex/generic/pgf/utilities/pgffor.code.tex
Package: pgffor 2013/12/13 v3.0.1a (rcs-revision 1.25)

(/usr/local/texlive/2018/texmf-dist/tex/generic/pgf/math/pgfmath.code.tex)
\pgffor@iter=\dimen258
\pgffor@skip=\dimen259
\pgffor@stack=\toks42
\pgffor@toks=\toks43
))
(/usr/local/texlive/2018/texmf-dist/tex/generic/pgf/frontendlayer/tikz/tikz.cod
e.tex
Package: tikz 2015/08/07 v3.0.1a (rcs-revision 1.151)

(/usr/local/texlive/2018/texmf-dist/tex/generic/pgf/libraries/pgflibraryplothan
dlers.code.tex
File: pgflibraryplothandlers.code.tex 2013/08/31 v3.0.1a (rcs-revision 1.20)
\pgf@plot@mark@count=\count186
\pgfplotmarksize=\dimen260
)
\tikz@lastx=\dimen261
\tikz@lasty=\dimen262
\tikz@lastxsaved=\dimen263
\tikz@lastysaved=\dimen264
\tikzleveldistance=\dimen265
\tikzsiblingdistance=\dimen266
\tikz@figbox=\box37
\tikz@figbox@bg=\box38
\tikz@tempbox=\box39
\tikz@tempbox@bg=\box40
\tikztreelevel=\count187
\tikznumberofchildren=\count188
\tikznumberofcurrentchild=\count189
\tikz@fig@count=\count190

(/usr/local/texlive/2018/texmf-dist/tex/generic/pgf/modules/pgfmodulematrix.cod
e.tex
File: pgfmodulematrix.code.tex 2013/09/17  (rcs-revision 1.8)
\pgfmatrixcurrentrow=\count191
\pgfmatrixcurrentcolumn=\count192
\pgf@matrix@numberofcolumns=\count193
)
\tikz@expandcount=\count194

(/usr/local/texlive/2018/texmf-dist/tex/generic/pgf/frontendlayer/tikz/librarie
s/tikzlibrarytopaths.code.tex
File: tikzlibrarytopaths.code.tex 2008/06/17 v3.0.1a (rcs-revision 1.2)
)))
(/usr/local/texlive/2018/texmf-dist/tex/generic/pgf/frontendlayer/tikz/librarie
s/tikzlibrarypositioning.code.tex
File: tikzlibrarypositioning.code.tex 2008/10/06 v3.0.1a (rcs-revision 1.7)
)
\c@@todonotes@numberoftodonotes=\count266
)
(/usr/local/texlive/2018/texmf-dist/tex/latex/tex-gyre/tgpagella.sty
Package: tgpagella 2009/09/27 v1.2 TeX Gyre Pagella as default roman family
)
(/usr/local/texlive/2018/texmf-dist/tex/latex/psnfss/mathpazo.sty
Package: mathpazo 2005/04/12 PSNFSS-v9.2a Palatino w/ Pazo Math (D.Puga, WaS) 
\symupright=\mathgroup4
)

Class memoir Warning: You are using the caption package with the memoir class. T
o prepare we will now reset all captioning macros and configurations to kernel d
efaults, and then let the caption package take over. Please remember to use
 the caption package interfaces in order to
 configure your captions.

(/usr/local/texlive/2018/texmf-dist/tex/latex/caption/caption.sty
Package: caption 2016/02/21 v3.3-144 Customizing captions (AR)

(/usr/local/texlive/2018/texmf-dist/tex/latex/caption/caption3.sty
Package: caption3 2016/05/22 v1.7-166 caption3 kernel (AR)
Package caption3 Info: TeX engine: e-TeX on input line 67.
\captionmargin=\dimen267
\captionmargin@=\dimen268
\captionwidth=\dimen269
\caption@tempdima=\dimen270
\caption@indent=\dimen271
\caption@parindent=\dimen272
\caption@hangindent=\dimen273
)
\c@ContinuedFloat=\count267
Package caption Info: hyperref package is loaded.
)
(/usr/local/texlive/2018/texmf-dist/tex/latex/lipsum/lipsum.sty
Package: lipsum 2014/07/27 v1.3 150 paragraphs of Lorem Ipsum dummy text
\c@lips@count=\count268
)
(/usr/local/texlive/2018/texmf-dist/tex/latex/hyperref/backref.sty
Package: backref 2016/05/21 v1.39 Bibliographical back referencing
)
(/usr/local/texlive/2018/texmf-dist/tex/latex/abntex2/abntex2cite.sty
Package: abntex2cite 2016/02/26 v-1.9.6 abnTeX2

(/usr/local/texlive/2018/texmf-dist/tex/latex/abntex2/abntex2abrev.sty)
\minimumbiblabelwidth=\skip263
\ABCIauxlen=\skip264
\c@ABCIaux=\count269
\c@ABCImax=\count270

(/usr/local/texlive/2018/texmf-dist/tex/latex/relsize/relsize.sty
Package: relsize 2013/03/29 ver 4.1
)
\biblabelsep=\skip265
LaTeX Info: Redefining \newblock on input line 591.
LaTeX Info: Redefining \cite on input line 618.
\ABCItoken=\toks44
)
Package hyperref Info: Option `colorlinks' set `true' on input line 159.
\tese@idxfile=\write5

\openout5 = tese.idx

Writing index file tese.idx 
(./tese.aux

LaTeX Warning: Label `fig:buzz3' multiply defined.


LaTeX Warning: Label `witney' multiply defined.


LaTeX Warning: Label `ligeti' multiply defined.


LaTeX Warning: Label `pstimeline' multiply defined.


LaTeX Warning: Label `fig:SUS' multiply defined.


LaTeX Warning: Label `amas' multiply defined.


LaTeX Warning: Label `amas' multiply defined.


LaTeX Warning: Label `fig:questionnaire' multiply defined.


LaTeX Warning: Label `amas' multiply defined.

(./abntex2-modelo-include-comandos.aux) (./ape-tabelagatorra.aux)
(./ape-entrevistas.aux) (./ape-complementos.aux))
\openout1 = tese.aux

LaTeX Font Info:    Checking defaults for OML/cmm/m/it on input line 182.
LaTeX Font Info:    ... okay on input line 182.
LaTeX Font Info:    Checking defaults for T1/cmr/m/n on input line 182.
LaTeX Font Info:    ... okay on input line 182.
LaTeX Font Info:    Checking defaults for OT1/cmr/m/n on input line 182.
LaTeX Font Info:    ... okay on input line 182.
LaTeX Font Info:    Checking defaults for OMS/cmsy/m/n on input line 182.
LaTeX Font Info:    ... okay on input line 182.
LaTeX Font Info:    Checking defaults for TU/lmr/m/n on input line 182.
LaTeX Font Info:    ... okay on input line 182.
LaTeX Font Info:    Checking defaults for OMX/cmex/m/n on input line 182.
LaTeX Font Info:    ... okay on input line 182.
LaTeX Font Info:    Checking defaults for U/cmr/m/n on input line 182.
LaTeX Font Info:    ... okay on input line 182.
LaTeX Font Info:    Checking defaults for PD1/pdf/m/n on input line 182.
LaTeX Font Info:    ... okay on input line 182.
LaTeX Font Info:    Try loading font information for T1+ppl on input line 182.

(/usr/local/texlive/2018/texmf-dist/tex/latex/psnfss/t1ppl.fd
File: t1ppl.fd 2001/06/04 font definitions for T1/ppl.
)
\AtBeginShipoutBox=\box41
Package hyperref Info: Link coloring ON on input line 182.

(/usr/local/texlive/2018/texmf-dist/tex/latex/hyperref/nameref.sty
Package: nameref 2016/05/21 v2.44 Cross-referencing by name of section

(/usr/local/texlive/2018/texmf-dist/tex/generic/oberdiek/gettitlestring.sty
Package: gettitlestring 2016/05/16 v1.5 Cleanup title references (HO)
)
\c@section@level=\count271
)
Redoing nameref's sectioning
Redoing nameref's label
LaTeX Info: Redefining \nameref on input line 182.
LaTeX Info: Redefining \ref on input line 182.
LaTeX Info: Redefining \pageref on input line 182.
LaTeX Info: Redefining \nameref on input line 182.
LaTeX Info: Redefining \dots on input line 182.
LaTeX Info: Redefining \up on input line 182.
\myptabbox=\box42
\myptabboxwidth=\skip266
Package lastpage Info: Please have a look at the pageslts package at
(lastpage)             https://www.ctan.org/pkg/pageslts
(lastpage)             ! on input line 182.
(/usr/local/texlive/2018/texmf-dist/tex/context/base/mkii/supp-pdf.mkii
[Loading MPS to PDF converter (version 2006.09.02).]
\scratchcounter=\count272
\scratchdimen=\dimen274
\scratchbox=\box43
\nofMPsegments=\count273
\nofMParguments=\count274
\everyMPshowfont=\toks45
\MPscratchCnt=\count275
\MPscratchDim=\dimen275
\MPnumerator=\count276
\makeMPintoPDFobject=\count277
\everyMPtoPDFconversion=\toks46
) (/usr/local/texlive/2018/texmf-dist/tex/latex/oberdiek/epstopdf-base.sty
Package: epstopdf-base 2016/05/15 v2.6 Base part for package epstopdf

(/usr/local/texlive/2018/texmf-dist/tex/latex/oberdiek/grfext.sty
Package: grfext 2016/05/16 v1.2 Manage graphics extensions (HO)
)
Package epstopdf-base Info: Redefining graphics rule for `.eps' on input line 43
8.
Package grfext Info: Graphics extension search list:
(grfext)             [.pdf,.png,.jpg,.mps,.jpeg,.jbig2,.jb2,.PDF,.PNG,.JPG,.JPEG
,.JBIG2,.JB2,.eps]
(grfext)             \AppendGraphicsExtensions on input line 456.

(/usr/local/texlive/2018/texmf-dist/tex/latex/latexconfig/epstopdf-sys.cfg
File: epstopdf-sys.cfg 2010/07/13 v1.3 Configuration of (r)epstopdf for TeX Live

))
LaTeX Info: Redefining \microtypecontext on input line 182.
Package microtype Info: Generating PDF output.
Package microtype Info: Character protrusion enabled (level 2).
Package microtype Info: Using default protrusion set `alltext'.
Package microtype Info: Automatic font expansion enabled (level 2),
(microtype)             stretch: 20, shrink: 20, step: 1, non-selected.
Package microtype Info: Using default expansion set `basictext'.
Package microtype Info: No adjustment of tracking.
Package microtype Info: No adjustment of spacing.
Package microtype Info: No adjustment of kerning.

(/usr/local/texlive/2018/texmf-dist/tex/latex/microtype/mt-ppl.cfg
File: mt-ppl.cfg 2005/11/16 v1.6 microtype config. file: Palatino (RS)
)
ABD: EveryShipout initializing macros
\big@size=\dimen276
Package caption Info: Begin \AtBeginDocument code.
Package caption Info: End \AtBeginDocument code.
LaTeX Font Info:    Try loading font information for T1+lmss on input line 199.

(/usr/local/texlive/2018/texmf-dist/tex/latex/lm/t1lmss.fd
File: t1lmss.fd 2009/10/30 v1.6 Font defs for Latin Modern
)
Package microtype Info: Loading generic protrusion settings for font family
(microtype)             `lmss' (encoding: T1).
(microtype)             For optimal results, create family-specific settings.
(microtype)             See the microtype manual for details.
LaTeX Font Info:    Font shape `T1/lmss/b/n' in size <14.4> not available
(Font)              Font shape `T1/lmss/bx/n' tried instead on input line 199.
LaTeX Font Info:    Font shape `T1/lmss/b/n' in size <20.74> not available
(Font)              Font shape `T1/lmss/bx/n' tried instead on input line 199.
 [1

{/usr/local/texlive/2018/texmf-var/fonts/map/pdftex/updmap/pdftex.map}] [2

]
LaTeX Font Info:    Font shape `T1/lmss/b/n' in size <12> not available
(Font)              Font shape `T1/lmss/bx/n' tried instead on input line 208.
LaTeX Font Info:    Font shape `T1/lmss/b/n' in size <17.28> not available
(Font)              Font shape `T1/lmss/bx/n' tried instead on input line 208.
LaTeX Font Info:    Try loading font information for OT1+ppl on input line 208.

(/usr/local/texlive/2018/texmf-dist/tex/latex/psnfss/ot1ppl.fd
File: ot1ppl.fd 2001/06/04 font definitions for OT1/ppl.
)
LaTeX Font Info:    Try loading font information for OML+zplm on input line 208.


(/usr/local/texlive/2018/texmf-dist/tex/latex/psnfss/omlzplm.fd
File: omlzplm.fd 2002/09/08 Fontinst v1.914 font definitions for OML/zplm.
)
LaTeX Font Info:    Try loading font information for OMS+zplm on input line 208.


(/usr/local/texlive/2018/texmf-dist/tex/latex/psnfss/omszplm.fd
File: omszplm.fd 2002/09/08 Fontinst v1.914 font definitions for OMS/zplm.
)
LaTeX Font Info:    Try loading font information for OMX+zplm on input line 208.


(/usr/local/texlive/2018/texmf-dist/tex/latex/psnfss/omxzplm.fd
File: omxzplm.fd 2002/09/08 Fontinst v1.914 font definitions for OMX/zplm.
)
LaTeX Font Info:    Try loading font information for OT1+zplm on input line 208.


(/usr/local/texlive/2018/texmf-dist/tex/latex/psnfss/ot1zplm.fd
File: ot1zplm.fd 2002/09/08 Fontinst v1.914 font definitions for OT1/zplm.
)
Package microtype Info: Loading generic protrusion settings for font family
(microtype)             `zplm' (encoding: OT1).
(microtype)             For optimal results, create family-specific settings.
(microtype)             See the microtype manual for details.

warning  (pdf backend): ignoring duplicate destination with the name 'page.1'
[1


]
Underfull \hbox (badness 10000) in paragraph at lines 252--252

 []


Underfull \hbox (badness 10000) in paragraph at lines 252--252

 []


Overfull \hbox (16.6597pt too wide) in paragraph at lines 252--252
[]  [] 
 []


Underfull \hbox (badness 10000) in paragraph at lines 252--252

 []


warning  (pdf backend): ignoring duplicate destination with the name 'page.2'
[2] [3

] [4

] [5] [6

] [7] [8

] [9] [10

] [11] [12

] (./tese.lof
Underfull \vbox (badness 10000) has occurred while \output is active []

 [13]
Underfull \vbox (badness 1033) has occurred while \output is active []

 [14])
[15] [16

] [17

] [18

] (./tese.toc
Overfull \hbox (1.5877pt too wide) detected at line 41
 \T1/lmss/bx/n/12 104
 []

[19]
Overfull \hbox (1.5877pt too wide) detected at line 46
 \T1/lmss/bx/n/12 117
 []


Overfull \hbox (1.5877pt too wide) detected at line 60
 \T1/lmss/bx/n/12 145
 []


Overfull \hbox (1.5877pt too wide) detected at line 69
 \T1/lmss/bx/n/12 155
 []


Overfull \hbox (1.5877pt too wide) detected at line 70
 \T1/lmss/bx/n/12 155
 []


Overfull \hbox (1.5877pt too wide) detected at line 75
 \T1/lmss/bx/n/12 159
 []


Overfull \hbox (1.5877pt too wide) detected at line 83
 \T1/lmss/bx/n/12 171
 []


Overfull \hbox (1.5877pt too wide) detected at line 87
 \T1/lmss/bx/n/12 173
 []


Overfull \hbox (1.5877pt too wide) detected at line 88
 \T1/lmss/bx/n/12 174
 []

[20]
Overfull \hbox (1.5877pt too wide) detected at line 98
 \T1/lmss/bx/n/12 177
 []


Overfull \hbox (1.5877pt too wide) detected at line 106
 \T1/lmss/bx/n/12 179
 []


Overfull \hbox (1.5877pt too wide) detected at line 110
 \T1/lmss/bx/n/12 181
 []


Overfull \hbox (1.5877pt too wide) detected at line 111
 \T1/lmss/bx/n/12 181
 []

) [21] [22

] (./cap-00-intro.tex
Underfull \vbox (badness 1331) has occurred while \output is active []

 [23

]
<pictures/radio_garden_2018-06-10.png, id=517, 1490.56876pt x 957.5775pt>
File: pictures/radio_garden_2018-06-10.png Graphic file (type png)
<use pictures/radio_garden_2018-06-10.png>
Package luatex.def Info: pictures/radio_garden_2018-06-10.png  used on input lin
e 18.
(luatex.def)             Requested size: 455.0pt x 292.3018pt.
Package hyperref Info: bookmark level for unknown todo defaults to 0 on input li
ne 29.

[24]
Overfull \hbox (1.3108pt too wide) in paragraph at lines 34--35
 \T1/ppl/m/n/10 Pior, você se agarra com unhas e den-tes a ab-sur-dos como ``r
aça'', ``classe'',
 []

[25<./pictures/radio_garden_2018-06-10.png>]
Underfull \vbox (badness 1540) has occurred while \output is active []

 [26]
[27
Missing character: There is no – (U+2013) in font pplr8t!
] [28]
Underfull \vbox (badness 10000) has occurred while \output is active []

 [29
Missing character: There is no – (U+2013) in font pplr8t!
Missing character: There is no – (U+2013) in font pplr8t!
Missing character: There is no ‘ (U+2018) in font pplr8t!
Missing character: There is no ’ (U+2019) in font pplr8t!
Missing character: There is no ‘ (U+2018) in font pplr8t!
Missing character: There is no ’ (U+2019) in font pplr8t!
]
[30] [31
Missing character: There is no – (U+2013) in font pplr8t!
Missing character: There is no – (U+2013) in font pplr8t!
Missing character: There is no “ (U+201C) in font pplr8t!
Missing character: There is no ” (U+201D) in font pplr8t!
] [32
Missing character: There is no – (U+2013) in font pplr8t!
] [33
Missing character: There is no • (U+2022) in font pplr8t!
Missing character: There is no • (U+2022) in font pplr8t!
Missing character: There is no • (U+2022) in font pplr8t!
Missing character: There is no • (U+2022) in font pplr8t!
Missing character: There is no • (U+2022) in font pplr8t!
Missing character: There is no • (U+2022) in font pplr8t!
Missing character: There is no • (U+2022) in font pplr8t!
Missing character: There is no • (U+2022) in font pplr8t!
Missing character: There is no • (U+2022) in font pplr8t!
Missing character: There is no • (U+2022) in font pplr8t!
] [34
Missing character: There is no – (U+2013) in font pplr8t!
Missing character: There is no – (U+2013) in font pplr8t!
Missing character: There is no “ (U+201C) in font pplr8t!
Missing character: There is no ” (U+201D) in font pplr8t!
Missing character: There is no “ (U+201C) in font pplr8t!
Missing character: There is no ” (U+201D) in font pplr8t!
] [35
Missing character: There is no “ (U+201C) in font pplr8t!
Missing character: There is no ” (U+201D) in font pplr8t!
Missing character: There is no “ (U+201C) in font pplr8t!
Missing character: There is no ‘ (U+2018) in font pplr8t!
Missing character: There is no ’ (U+2019) in font pplr8t!
Missing character: There is no ” (U+201D) in font pplr8t!
]) (./cap-01-percurso.tex [36

]
<pictures/cap1/audiogalaxy.png, id=710, 803.0pt x 578.16pt>
File: pictures/cap1/audiogalaxy.png Graphic file (type png)
<use pictures/cap1/audiogalaxy.png>
Package luatex.def Info: pictures/cap1/audiogalaxy.png  used on input line 20.
(luatex.def)             Requested size: 455.0pt x 327.60497pt.
 [37]
Underfull \vbox (badness 10000) has occurred while \output is active []

 [38
Missing character: There is no – (U+2013) in font pplr8t!
Missing character: There is no – (U+2013) in font pplr8t!
<./pictures/cap1/audiogalaxy.png>]
<pictures/cap1/eti1.jpg, id=732, 687.56876pt x 1027.84pt>
File: pictures/cap1/eti1.jpg Graphic file (type jpg)
<use pictures/cap1/eti1.jpg>
Package luatex.def Info: pictures/cap1/eti1.jpg  used on input line 36.
(luatex.def)             Requested size: 455.0pt x 680.16443pt.


LaTeX Warning: Float too large for page by 21.1644pt on input line 40.

<pictures/cap1/eti2.jpg, id=733, 501.875pt x 334.24875pt>
File: pictures/cap1/eti2.jpg Graphic file (type jpg)
<use pictures/cap1/eti2.jpg>
Package luatex.def Info: pictures/cap1/eti2.jpg  used on input line 44.
(luatex.def)             Requested size: 455.0pt x 303.04478pt.
LaTeX Font Info:    Try loading font information for OMS+ppl on input line 57.
(/usr/local/texlive/2018/texmf-dist/tex/latex/psnfss/omsppl.fd
File: omsppl.fd 
)
LaTeX Font Info:    Font shape `OMS/ppl/m/n' in size <12> not available
(Font)              Font shape `OMS/cmsy/m/n' tried instead on input line 57.
 [39
Missing character: There is no – (U+2013) in font pplr8t!
Missing character: There is no – (U+2013) in font pplr8t!
] [40<./pictures/cap1/eti1.jpg>]
<pictures/cap1/buzz1.png, id=750, 1294.8375pt x 815.045pt>
File: pictures/cap1/buzz1.png Graphic file (type png)
<use pictures/cap1/buzz1.png>
Package luatex.def Info: pictures/cap1/buzz1.png  used on input line 64.
(luatex.def)             Requested size: 455.0pt x 286.40175pt.
<pictures/cap1/buzz.png, id=751, 631.35875pt x 461.725pt>
File: pictures/cap1/buzz.png Graphic file (type png)
<use pictures/cap1/buzz.png>
Package luatex.def Info: pictures/cap1/buzz.png  used on input line 71.
(luatex.def)             Requested size: 455.0pt x 332.75174pt.
<pictures/cap1/buzz3.png, id=752, 631.35875pt x 462.72874pt>
File: pictures/cap1/buzz3.png Graphic file (type png)
<use pictures/cap1/buzz3.png>
Package luatex.def Info: pictures/cap1/buzz3.png  used on input line 78.
(luatex.def)             Requested size: 455.0pt x 333.47511pt.

Overfull \hbox (12.33977pt too wide) in paragraph at lines 84--88
\T1/ppl/m/n/12 com/records/2005_2010/protomusica/estudo%20de%20harmonia%20e%20d
issonancia%
 []

[41<./pictures/cap1/eti2.jpg>] [42<./pictures/cap1/buzz1.png><./pictures/cap1/bu
zz.png>]
File: pictures/cap1/buzz3.png Graphic file (type png)
<use pictures/cap1/buzz3.png>
Package luatex.def Info: pictures/cap1/buzz3.png  used on input line 94.
(luatex.def)             Requested size: 455.0pt x 333.47511pt.
 [43<./pictures/cap1/buzz3.png>] [44]
<pictures/cap1/finetanksrecords.png, id=784, 1245.65375pt x 816.04875pt>
File: pictures/cap1/finetanksrecords.png Graphic file (type png)
<use pictures/cap1/finetanksrecords.png>
Package luatex.def Info: pictures/cap1/finetanksrecords.png  used on input line 
122.
(luatex.def)             Requested size: 455.0pt x 298.07323pt.
<pictures/cap1/finetanksmp3.png, id=786, 1183.42125pt x 817.0525pt>
File: pictures/cap1/finetanksmp3.png Graphic file (type png)
<use pictures/cap1/finetanksmp3.png>
Package luatex.def Info: pictures/cap1/finetanksmp3.png  used on input line 131.

(luatex.def)             Requested size: 455.0pt x 314.13606pt.
 [45]
Underfull \vbox (badness 10000) has occurred while \output is active []

 [46<./pictures/cap1/finetanksrecords.png>] [47<./pictures/cap1/finetanksmp3.png
>]
<pictures/cap1/CHDH.png, id=813, 3854.4pt x 1027.84pt>
File: pictures/cap1/CHDH.png Graphic file (type png)
<use pictures/cap1/CHDH.png>
Package luatex.def Info: pictures/cap1/CHDH.png  used on input line 159.
(luatex.def)             Requested size: 455.0pt x 121.32797pt.
<pictures/cap1/hp1.png, id=815, 1537.745pt x 381.425pt>
File: pictures/cap1/hp1.png Graphic file (type png)
<use pictures/cap1/hp1.png>
Package luatex.def Info: pictures/cap1/hp1.png  used on input line 167.
(luatex.def)             Requested size: 455.0pt x 112.85695pt.

[48]
<pictures/cap1/cromocinetica.png, id=823, 1204.5pt x 329.23pt>
File: pictures/cap1/cromocinetica.png Graphic file (type png)
<use pictures/cap1/cromocinetica.png>
Package luatex.def Info: pictures/cap1/cromocinetica.png  used on input line 177
.
(luatex.def)             Requested size: 455.0pt x 124.36519pt.
 [49
Missing character: There is no – (U+2013) in font pplr8t!
Missing character: There is no – (U+2013) in font pplr8t!
<./pictures/cap1/CHDH.png><./pictures/cap1/hp1.png><./pictures/cap1/cromocinetic
a.png>] [50]
<pictures/cap1/gil701.png, id=839, 1397.22pt x 1040.88875pt>
File: pictures/cap1/gil701.png Graphic file (type png)
<use pictures/cap1/gil701.png>
Package luatex.def Info: pictures/cap1/gil701.png  used on input line 215.
(luatex.def)             Requested size: 455.0pt x 338.96779pt.
<pictures/cap1/gil702.png, id=840, 1397.22pt x 1040.88875pt>
File: pictures/cap1/gil702.png Graphic file (type png)
<use pictures/cap1/gil702.png>
Package luatex.def Info: pictures/cap1/gil702.png  used on input line 223.
(luatex.def)             Requested size: 455.0pt x 338.96779pt.
 [51] [52<./pictures/cap1/gil701.png>] [53<./pictures/cap1/gil702.png>]) (./cap
-02-pesquisa.tex
<pictures/cap2/oramics.png, id=860, 1349.04pt x 450.68375pt>
File: pictures/cap2/oramics.png Graphic file (type png)
<use pictures/cap2/oramics.png>
Package luatex.def Info: pictures/cap2/oramics.png  used on input line 19.
(luatex.def)             Requested size: 455.0pt x 151.99948pt.
 [54
Missing character: There is no “ (U+201C) in font pplr8t!
Missing character: There is no ” (U+201D) in font pplr8t!
] [55
Missing character: There is no “ (U+201C) in font pplr8t!
Missing character: There is no ” (U+201D) in font pplr8t!
Missing character: There is no “ (U+201C) in font pplr8t!
Missing character: There is no ” (U+201D) in font pplr8t!
<./pictures/cap2/oramics.png>]
File: pictures/cap2/oramics.png Graphic file (type png)
<use pictures/cap2/oramics.png>
Package luatex.def Info: pictures/cap2/oramics.png  used on input line 52.
(luatex.def)             Requested size: 455.0pt x 151.99948pt.

[56]
<pictures/cap2/witney.png, id=891, 2806.485pt x 657.45625pt>
File: pictures/cap2/witney.png Graphic file (type png)
<use pictures/cap2/witney.png>
Package luatex.def Info: pictures/cap2/witney.png  used on input line 69.
(luatex.def)             Requested size: 455.0pt x 106.58958pt.
 [57]
<pictures/cap2/witney2.png, id=908, 1702.36pt x 2006.49625pt>
File: pictures/cap2/witney2.png Graphic file (type png)
<use pictures/cap2/witney2.png>
Package luatex.def Info: pictures/cap2/witney2.png  used on input line 83.
(luatex.def)             Requested size: 455.0pt x 536.28085pt.
 [58
Missing character: There is no – (U+2013) in font pplr8t!
<./pictures/cap2/witney.png>]
LaTeX Font Info:    Font shape `T1/lmss/m/it' in size <12> not available
(Font)              Font shape `T1/lmss/m/sl' tried instead on input line 100.
<pictures/cap2/metastasis.jpg, id=916, 426.8748pt x 200.4288pt>
File: pictures/cap2/metastasis.jpg Graphic file (type jpg)
<use pictures/cap2/metastasis.jpg>
Package luatex.def Info: pictures/cap2/metastasis.jpg  used on input line 102.
(luatex.def)             Requested size: 455.0pt x 213.64929pt.
<pictures/cap2/ligeti.jpg, id=919, 357.4956pt x 123.3408pt>
File: pictures/cap2/ligeti.jpg Graphic file (type jpg)
<use pictures/cap2/ligeti.jpg>
Package luatex.def Info: pictures/cap2/ligeti.jpg  used on input line 113.
(luatex.def)             Requested size: 455.0pt x 156.9911pt.
 [59
Missing character: There is no ” (U+201D) in font pplr8t!
] [60]
<pictures/analogicos.jpg, id=956, 1435.3625pt x 459.7175pt>
File: pictures/analogicos.jpg Graphic file (type jpg)
<use pictures/analogicos.jpg>
Package luatex.def Info: pictures/analogicos.jpg  used on input line 162.
(luatex.def)             Requested size: 455.0pt x 145.72368pt.
 [61
Missing character: There is no – (U+2013) in font pplr8t!
Missing character: There is no – (U+2013) in font pplr8t!
]
<pictures/MaxHolmes-251.jpg, id=973, 277.035pt x 275.5896pt>
File: pictures/MaxHolmes-251.jpg Graphic file (type jpg)
<use pictures/MaxHolmes-251.jpg>
Package luatex.def Info: pictures/MaxHolmes-251.jpg  used on input line 172.
(luatex.def)             Requested size: 227.5pt x 226.31293pt.

Underfull \vbox (badness 10000) has occurred while \output is active []

 [62]
Underfull \vbox (badness 10000) has occurred while \output is active []

 [63]
<pictures/protools.jpg, id=1008, 256.0767pt x 144.2991pt>
File: pictures/protools.jpg Graphic file (type jpg)
<use pictures/protools.jpg>
Package luatex.def Info: pictures/protools.jpg  used on input line 205.
(luatex.def)             Requested size: 455.0pt x 256.4046pt.
<pictures/protools2.jpg, id=1009, 436.9926pt x 221.628pt>
File: pictures/protools2.jpg Graphic file (type jpg)
<use pictures/protools2.jpg>
Package luatex.def Info: pictures/protools2.jpg  used on input line 206.
(luatex.def)             Requested size: 455.0pt x 230.77174pt.

Underfull \vbox (badness 10000) has occurred while \output is active []

 [64
Missing character: There is no “ (U+201C) in font pplr8t!
Missing character: There is no ” (U+201D) in font pplr8t!
]
File: pictures/MaxHolmes-251.jpg Graphic file (type jpg)
<use pictures/MaxHolmes-251.jpg>
Package luatex.def Info: pictures/MaxHolmes-251.jpg  used on input line 216.
(luatex.def)             Requested size: 227.5pt x 226.31293pt.

[65
Missing character: There is no – (U+2013) in font pplr8t!
Missing character: There is no ’ (U+2019) in font pplr8t!
Missing character: There is no “ (U+201C) in font pplr8t!
Missing character: There is no ” (U+201D) in font pplr8t!
Missing character: There is no ’ (U+2019) in font pplr8t!
Missing character: There is no ’ (U+2019) in font pplr8t!
]
<pictures/cap2/spectrogramandoscilator.png, id=1035, 1798.72pt x 1166.3575pt>
File: pictures/cap2/spectrogramandoscilator.png Graphic file (type png)
<use pictures/cap2/spectrogramandoscilator.png>
Package luatex.def Info: pictures/cap2/spectrogramandoscilator.png  used on inpu
t line 245.
(luatex.def)             Requested size: 455.0pt x 295.0413pt.
File: pictures/cap2/spectrogramandoscilator.png Graphic file (type png)
<use pictures/cap2/spectrogramandoscilator.png>
Package luatex.def Info: pictures/cap2/spectrogramandoscilator.png  used on inpu
t line 257.
(luatex.def)             Requested size: 455.0pt x 295.0413pt.
<pictures/cap2/patatap.png, id=1041, 1696.3375pt x 1043.9pt>
File: pictures/cap2/patatap.png Graphic file (type png)
<use pictures/cap2/patatap.png>
Package luatex.def Info: pictures/cap2/patatap.png  used on input line 267.
(luatex.def)             Requested size: 455.0pt x 279.99312pt.
 [66
Missing character: There is no ’ (U+2019) in font pplr8t!
Missing character: There is no ’ (U+2019) in font pplr8t!
]
<pictures/cap2/plink.png, id=1052, 1798.72pt x 1166.3575pt>
File: pictures/cap2/plink.png Graphic file (type png)
<use pictures/cap2/plink.png>
Package luatex.def Info: pictures/cap2/plink.png  used on input line 277.
(luatex.def)             Requested size: 455.0pt x 295.0413pt.
<pictures/cap2/multiplayerpiano.png, id=1055, 1798.72pt x 1166.3575pt>
File: pictures/cap2/multiplayerpiano.png Graphic file (type png)
<use pictures/cap2/multiplayerpiano.png>
Package luatex.def Info: pictures/cap2/multiplayerpiano.png  used on input line 
288.
(luatex.def)             Requested size: 455.0pt x 295.0413pt.
 [67]
<pictures/cap2/musicamovel.png, id=1074, 2009.5075pt x 601.24625pt>
File: pictures/cap2/musicamovel.png Graphic file (type png)
<use pictures/cap2/musicamovel.png>
Package luatex.def Info: pictures/cap2/musicamovel.png  used on input line 317.
(luatex.def)             Requested size: 455.0pt x 136.12776pt.
) (./cap-03-experimentos.tex [68] [69<./pictures/cap2/witney2.png>] [70<./pictur
es/cap2/metastasis.jpg><./pictures/cap2/ligeti.jpg>] [71<./pictures/analogicos.j
pg><./pictures/MaxHolmes-251.jpg>] [72<./pictures/protools.jpg><./pictures/proto
ols2.jpg>] [73] [74<./pictures/cap2/spectrogramandoscilator.png>] [75] [76<./pic
tures/cap2/patatap.png>] [77<./pictures/cap2/plink.png>]
[78<./pictures/cap2/multiplayerpiano.png><./pictures/cap2/musicamovel.png>]
[79

]
<pictures/cap3/bandascriticaspartitura.jpg, id=1151, 2006.49625pt x 542.025pt>
File: pictures/cap3/bandascriticaspartitura.jpg Graphic file (type jpg)
<use pictures/cap3/bandascriticaspartitura.jpg>
Package luatex.def Info: pictures/cap3/bandascriticaspartitura.jpg  used on inpu
t line 31.
(luatex.def)             Requested size: 455.0pt x 122.90974pt.
<pictures/cap3/bandascriticaspd.png, id=1153, 1395.2125pt x 569.12625pt>
File: pictures/cap3/bandascriticaspd.png Graphic file (type png)
<use pictures/cap3/bandascriticaspd.png>
Package luatex.def Info: pictures/cap3/bandascriticaspd.png  used on input line 
41.
(luatex.def)             Requested size: 455.0pt x 185.59778pt.
<pictures/cap3/bandascriticasspectro2.png, id=1154, 1314.9125pt x 311.1625pt>
File: pictures/cap3/bandascriticasspectro2.png Graphic file (type png)
<use pictures/cap3/bandascriticasspectro2.png>
Package luatex.def Info: pictures/cap3/bandascriticasspectro2.png  used on input
 line 49.
(luatex.def)             Requested size: 455.0pt x 107.66928pt.
 [80<./pictures/cap3/bandascriticaspartitura.jpg>]
Underfull \vbox (badness 4108) has occurred while \output is active []

 [81<./pictures/cap3/bandascriticaspd.png><./pictures/cap3/bandascriticasspectro
2.png>]
<pictures/cap3/codigo5.png, id=1176, 1314.9125pt x 1082.0425pt>
File: pictures/cap3/codigo5.png Graphic file (type png)
<use pictures/cap3/codigo5.png>
Package luatex.def Info: pictures/cap3/codigo5.png  used on input line 70.
(luatex.def)             Requested size: 455.0pt x 374.41127pt.

[82<./pictures/cap3/codigo5.png>]
<pictures/cap3/qwerty.png, id=1183, 1011.78pt x 557.08125pt>
File: pictures/cap3/qwerty.png Graphic file (type png)
<use pictures/cap3/qwerty.png>
Package luatex.def Info: pictures/cap3/qwerty.png  used on input line 82.
(luatex.def)             Requested size: 455.0pt x 250.52274pt.
 [83<./pictures/cap3/qwerty.png>]
<pictures/banda_aberta_mob_crowd.png, id=1192, 803.0pt x 657.45625pt>
File: pictures/banda_aberta_mob_crowd.png Graphic file (type png)
<use pictures/banda_aberta_mob_crowd.png>
Package luatex.def Info: pictures/banda_aberta_mob_crowd.png  used on input line
 102.
(luatex.def)             Requested size: 455.0pt x 372.5369pt.
File: pictures/banda_aberta_mob_crowd.png Graphic file (type png)
<use pictures/banda_aberta_mob_crowd.png>
Package luatex.def Info: pictures/banda_aberta_mob_crowd.png  used on input line
 113.
(luatex.def)             Requested size: 455.0pt x 372.5369pt.
 [84
Missing character: There is no “ (U+201C) in font pplr8t!
Missing character: There is no ” (U+201D) in font pplr8t!
Missing character: There is no “ (U+201C) in font pplr8t!
Missing character: There is no ” (U+201D) in font pplr8t!
Missing character: There is no “ (U+201C) in font pplr8t!
Missing character: There is no ” (U+201D) in font pplr8t!
Missing character: There is no “ (U+201C) in font pplr8t!
Missing character: There is no ” (U+201D) in font pplr8t!
Missing character: There is no “ (U+201C) in font pplr8t!
Missing character: There is no ” (U+201D) in font pplr8t!
Missing character: There is no – (U+2013) in font pplr8t!
Missing character: There is no – (U+2013) in font pplr8t!
]
[85<./pictures/banda_aberta_mob_crowd.png>] [86]

Package hyperref Warning: Suppressing empty link on input line 134.

[87]
Underfull \vbox (badness 10000) has occurred while \output is active []

 [88]
<pictures/server.jpg, id=1292, 597.1911pt x 597.1911pt>
File: pictures/server.jpg Graphic file (type jpg)
<use pictures/server.jpg>
Package luatex.def Info: pictures/server.jpg  used on input line 155.
(luatex.def)             Requested size: 227.5pt x 227.49994pt.

[89<./pictures/server.jpg>] [90] [91] [92]
<pictures/cap3/bandagalaxias.jpg, id=1357, 1439.3775pt x 2006.49625pt>
File: pictures/cap3/bandagalaxias.jpg Graphic file (type jpg)
<use pictures/cap3/bandagalaxias.jpg>
Package luatex.def Info: pictures/cap3/bandagalaxias.jpg  used on input line 200
.
(luatex.def)             Requested size: 318.49861pt x 443.97173pt.
 [93<./pictures/cap3/bandagalaxias.jpg>]
<pictures/cap3/bandapercussao.jpg, id=1368, 1439.3775pt x 2006.49625pt>
File: pictures/cap3/bandapercussao.jpg Graphic file (type jpg)
<use pictures/cap3/bandapercussao.jpg>
Package luatex.def Info: pictures/cap3/bandapercussao.jpg  used on input line 21
2.
(luatex.def)             Requested size: 318.49861pt x 443.97173pt.
<pictures/cap3/bandaabertacolab.jpg, id=1371, 1439.3775pt x 2006.49625pt>
File: pictures/cap3/bandaabertacolab.jpg Graphic file (type jpg)
<use pictures/cap3/bandaabertacolab.jpg>
Package luatex.def Info: pictures/cap3/bandaabertacolab.jpg  used on input line 
222.
(luatex.def)             Requested size: 318.49861pt x 443.97173pt.
 [94]
<pictures/cap3/bandaorquestra.jpg, id=1382, 1439.3775pt x 2006.49625pt>
File: pictures/cap3/bandaorquestra.jpg Graphic file (type jpg)
<use pictures/cap3/bandaorquestra.jpg>
Package luatex.def Info: pictures/cap3/bandaorquestra.jpg  used on input line 23
3.
(luatex.def)             Requested size: 318.49861pt x 443.97173pt.
 [95<./pictures/cap3/bandapercussao.jpg>]
Underfull \vbox (badness 10000) has occurred while \output is active []

 [96<./pictures/cap3/bandaabertacolab.jpg>] [97<./pictures/cap3/bandaorquestra.j
pg>]
<pictures/metamagical.png, id=1412, 741.7311pt x 406.6392pt>
File: pictures/metamagical.png Graphic file (type png)
<use pictures/metamagical.png>
Package luatex.def Info: pictures/metamagical.png  used on input line 264.
(luatex.def)             Requested size: 455.0pt x 249.44563pt.

[98<./pictures/metamagical.png>]
<pictures/audiotype_sketch.png, id=1423, 948.54375pt x 705.63625pt>
File: pictures/audiotype_sketch.png Graphic file (type png)
<use pictures/audiotype_sketch.png>
Package luatex.def Info: pictures/audiotype_sketch.png  used on input line 286.
(luatex.def)             Requested size: 455.0pt x 338.47543pt.
 [99<./pictures/audiotype_sketch.png>]
<pictures/audiotype_v1_noise.png, id=1441, 458.4327pt x 89.6148pt>
File: pictures/audiotype_v1_noise.png Graphic file (type png)
<use pictures/audiotype_v1_noise.png>
Package luatex.def Info: pictures/audiotype_v1_noise.png  used on input line 325
.
(luatex.def)             Requested size: 455.0pt x 88.94864pt.
<pictures/audiotype_v1_sine.png, id=1442, 459.3963pt x 89.3739pt>
File: pictures/audiotype_v1_sine.png Graphic file (type png)
<use pictures/audiotype_v1_sine.png>
Package luatex.def Info: pictures/audiotype_v1_sine.png  used on input line 331.

(luatex.def)             Requested size: 455.0pt x 88.52133pt.
<pictures/spectrogram.png, id=1443, 1374.13374pt x 164.615pt>
File: pictures/spectrogram.png Graphic file (type png)
<use pictures/spectrogram.png>
Package luatex.def Info: pictures/spectrogram.png  used on input line 340.
(luatex.def)             Requested size: 455.0pt x 54.50647pt.

Underfull \vbox (badness 10000) has occurred while \output is active []

 [100<./pictures/audiotype_v1_noise.png><./pictures/audiotype_v1_sine.png>]
<pictures/bigorna.jpg, id=1456, 284.5029pt x 188.8656pt>
File: pictures/bigorna.jpg Graphic file (type jpg)
<use pictures/bigorna.jpg>
Package luatex.def Info: pictures/bigorna.jpg  used on input line 367.
(luatex.def)             Requested size: 455.0pt x 302.0499pt.
 [101<./pictures/spectrogram.png>] [102<./pictures/bigorna.jpg>] [103] [104] [1
05]
Underfull \hbox (badness 1845) in paragraph at lines 482--483
[]|\T1/ppl/m/n/10 A per-for-mance é re-sul-
 []


Underfull \hbox (badness 1668) in paragraph at lines 482--483
\T1/ppl/m/n/10 par-ti-ci-pan-tes in-di-vi-du-al-
 []


Underfull \hbox (badness 1072) in paragraph at lines 483--484
[]|\T1/ppl/m/n/10 Os in-puts da au-di-ên-cia
 []


Underfull \hbox (badness 10000) in paragraph at lines 483--484
\T1/ppl/m/n/10 afe-tam di-re-ta-mente os
 []


Underfull \hbox (badness 10000) in paragraph at lines 486--486
[]|\T1/ppl/m/n/10 Au-dio e Vi-sual
 []


Underfull \hbox (badness 2376) in paragraph at lines 487--487
[]|\T1/ppl/m/n/10 Ex-pres-são lin-guís-
 []

[106]

LaTeX Warning: Reference `' on page 107 undefined on input line 506.

[107] [108]

Package hyperref Warning: Suppressing empty link on input line 580.

LaTeX Font Info:    Try loading font information for T1+lmtt on input line 580.
(/usr/local/texlive/2018/texmf-dist/tex/latex/lm/t1lmtt.fd
File: t1lmtt.fd 2009/10/30 v1.6 Font defs for Latin Modern
)
Package microtype Info: Loading generic protrusion settings for font family
(microtype)             `lmtt' (encoding: T1).
(microtype)             For optimal results, create family-specific settings.
(microtype)             See the microtype manual for details.
<pictures/cap3/wordcloud_performances.png, id=1529, 2000.47375pt x 1934.22626pt>

File: pictures/cap3/wordcloud_performances.png Graphic file (type png)
<use pictures/cap3/wordcloud_performances.png>
Package luatex.def Info: pictures/cap3/wordcloud_performances.png  used on input
 line 587.
(luatex.def)             Requested size: 455.0pt x 439.90436pt.
<pictures/cap3/wordcloud_pb.png, id=1530, 1905.1175pt x 1192.455pt>
File: pictures/cap3/wordcloud_pb.png Graphic file (type png)
<use pictures/cap3/wordcloud_pb.png>
Package luatex.def Info: pictures/cap3/wordcloud_pb.png  used on input line 594.

(luatex.def)             Requested size: 455.0pt x 284.794pt.
 [109] [110<./pictures/cap3/wordcloud_performances.png>]
<pictures/cap3/bar_plot_new_revised.pdf, id=1548, 462.52798pt x 346.89601pt>
File: pictures/cap3/bar_plot_new_revised.pdf Graphic file (type pdf)
<use pictures/cap3/bar_plot_new_revised.pdf>
Package luatex.def Info: pictures/cap3/bar_plot_new_revised.pdf  used on input l
ine 638.
(luatex.def)             Requested size: 455.0pt x 341.26848pt.
 [111<./pictures/cap3/wordcloud_pb.png>]
<pictures/cap3/subj_themes.pdf, id=1555, 433.62pt x 361.35pt>
File: pictures/cap3/subj_themes.pdf Graphic file (type pdf)
<use pictures/cap3/subj_themes.pdf>
Package luatex.def Info: pictures/cap3/subj_themes.pdf  used on input line 647.
(luatex.def)             Requested size: 455.0pt x 379.1861pt.

Underfull \vbox (badness 1178) has occurred while \output is active []

 [112<./pictures/cap3/bar_plot_new_revised.pdf>]
<pictures/cap3/p_values.pdf, id=1581, 716.6775pt x 320.19624pt>
File: pictures/cap3/p_values.pdf Graphic file (type pdf)
<use pictures/cap3/p_values.pdf>
Package luatex.def Info: pictures/cap3/p_values.pdf  used on input line 686.
(luatex.def)             Requested size: 500.50278pt x 223.61794pt.

Overfull \hbox (45.50278pt too wide) in paragraph at lines 686--687
 [][] 
 []

[113<./pictures/cap3/subj_themes.pdf>]
File: pictures/cap3/p_values.pdf Graphic file (type pdf)
<use pictures/cap3/p_values.pdf>
Package luatex.def Info: pictures/cap3/p_values.pdf  used on input line 697.
(luatex.def)             Requested size: 455.0pt x 203.28815pt.
 [114<./pictures/cap3/p_values.pdf>]
[115]
Underfull \vbox (badness 10000) has occurred while \output is active []

 [116]
[117]
Underfull \vbox (badness 10000) has occurred while \output is active []

 [118]
[119]
Underfull \vbox (badness 10000) has occurred while \output is active []

 [120]
<pictures/cap4/utopia.png, id=1782, 861.2175pt x 484.81125pt>
File: pictures/cap4/utopia.png Graphic file (type png)
<use pictures/cap4/utopia.png>
Package luatex.def Info: pictures/cap4/utopia.png  used on input line 808.
(luatex.def)             Requested size: 455.0pt x 256.1424pt.

Underfull \vbox (badness 10000) has occurred while \output is active []

 [121]
<pictures/cap4/firstsketch.jpg, id=1791, 3276.24pt x 2324.685pt>
File: pictures/cap4/firstsketch.jpg Graphic file (type jpg)
<use pictures/cap4/firstsketch.jpg>
Package luatex.def Info: pictures/cap4/firstsketch.jpg  used on input line 829.
(luatex.def)             Requested size: 455.0pt x 322.82877pt.
<pictures/playsoundtimeline.png, id=1795, 2088.80376pt x 2936.9725pt>
File: pictures/playsoundtimeline.png Graphic file (type png)
<use pictures/playsoundtimeline.png>
Package luatex.def Info: pictures/playsoundtimeline.png  used on input line 839.

(luatex.def)             Requested size: 455.0pt x 639.72748pt.


Package hyperref Warning: Suppressing empty link on input line 844.

[122<./pictures/cap4/utopia.png>]
Underfull \vbox (badness 10000) has occurred while \output is active []

 [123<./pictures/cap4/firstsketch.jpg>] [124<./pictures/playsoundtimeline.png>]
<pictures/cap4/audioquery_browsers.png, id=1820, 2409.0pt x 3006.23125pt>
File: pictures/cap4/audioquery_browsers.png Graphic file (type png)
<use pictures/cap4/audioquery_browsers.png>
Package luatex.def Info: pictures/cap4/audioquery_browsers.png  used on input li
ne 854.
(luatex.def)             Requested size: 455.0pt x 567.79541pt.
<pictures/cap4/spacefrogs_spectrogram.png, id=1824, 6009.45125pt x 294.09875pt>
File: pictures/cap4/spacefrogs_spectrogram.png Graphic file (type png)
<use pictures/cap4/spacefrogs_spectrogram.png>
Package luatex.def Info: pictures/cap4/spacefrogs_spectrogram.png  used on input
 line 867.
(luatex.def)             Requested size: 455.0pt x 22.26736pt.

Underfull \vbox (badness 1052) has occurred while \output is active []

 [125]
[126<./pictures/cap4/audioquery_browsers.png>]
<pictures/cap4/spacefrogs_spectrogram_dt.png, id=1838, 1471.4975pt x 588.1975pt>

File: pictures/cap4/spacefrogs_spectrogram_dt.png Graphic file (type png)
<use pictures/cap4/spacefrogs_spectrogram_dt.png>
Package luatex.def Info: pictures/cap4/spacefrogs_spectrogram_dt.png  used on in
put line 874.
(luatex.def)             Requested size: 455.0pt x 181.87262pt.
 [127<./pictures/cap4/spacefrogs_spectrogram.png><./pictures/cap4/spacefrogs_spe
ctrogram_dt.png>] [128]
<pictures/cap4/usertest.jpg, id=1858, 284.5029pt x 100.6962pt>
File: pictures/cap4/usertest.jpg Graphic file (type jpg)
<use pictures/cap4/usertest.jpg>
Package luatex.def Info: pictures/cap4/usertest.jpg  used on input line 923.
(luatex.def)             Requested size: 455.0pt x 161.04189pt.

Underfull \vbox (badness 1910) has occurred while \output is active []

 [129<./pictures/cap4/usertest.jpg>]
<pictures/cap4/SUS_lower.pdf, id=1880, 588.1975pt x 376.40625pt>
File: pictures/cap4/SUS_lower.pdf Graphic file (type pdf)
<use pictures/cap4/SUS_lower.pdf>
Package luatex.def Info: pictures/cap4/SUS_lower.pdf  used on input line 940.
(luatex.def)             Requested size: 455.0pt x 291.17194pt.
 [130]
<pictures/cap4/questionnaire_lower.pdf, id=1890, 592.2125pt x 324.21124pt>
File: pictures/cap4/questionnaire_lower.pdf Graphic file (type pdf)
<use pictures/cap4/questionnaire_lower.pdf>
Package luatex.def Info: pictures/cap4/questionnaire_lower.pdf  used on input li
ne 952.
(luatex.def)             Requested size: 455.0pt x 249.09924pt.
<pictures/cap4/CSI.png, id=1893, 1091.07625pt x 450.68375pt>
File: pictures/cap4/CSI.png Graphic file (type png)
<use pictures/cap4/CSI.png>
Package luatex.def Info: pictures/cap4/CSI.png  used on input line 962.
(luatex.def)             Requested size: 455.0pt x 187.94489pt.

Underfull \vbox (badness 10000) has occurred while \output is active []

 [131<./pictures/cap4/SUS_lower.pdf>] [132<./pictures/cap4/questionnaire_lower.p
df><./pictures/cap4/CSI.png>] [133] [134] [135] [136]
<pictures/cap4/ariane_amas.jpg, id=1960, 1842.885pt x 1228.59pt>
File: pictures/cap4/ariane_amas.jpg Graphic file (type jpg)
<use pictures/cap4/ariane_amas.jpg>
Package luatex.def Info: pictures/cap4/ariane_amas.jpg  used on input line 1053.

(luatex.def)             Requested size: 455.0pt x 303.3224pt.
 [137] [138<./pictures/cap4/ariane_amas.jpg>]
<pictures/cap4/handbellreverse.png, id=1976, 1656.1875pt x 298.11375pt>
File: pictures/cap4/handbellreverse.png Graphic file (type png)
<use pictures/cap4/handbellreverse.png>
Package luatex.def Info: pictures/cap4/handbellreverse.png  used on input line 1
093.
(luatex.def)             Requested size: 455.0pt x 81.89737pt.
<pictures/cap4/handbellreverse_detail.png, id=1977, 1108.14pt x 298.11375pt>
File: pictures/cap4/handbellreverse_detail.png Graphic file (type png)
<use pictures/cap4/handbellreverse_detail.png>
Package luatex.def Info: pictures/cap4/handbellreverse_detail.png  used on input
 line 1109.
(luatex.def)             Requested size: 455.0pt x 122.40483pt.
 [139<./pictures/cap4/handbellreverse.png><./pictures/cap4/handbellreverse_detai
l.png>] [140]
<pictures/cap4/orquestra_errante_usertest.jpg, id=2001, 4407.46625pt x 803.0pt>
File: pictures/cap4/orquestra_errante_usertest.jpg Graphic file (type jpg)
<use pictures/cap4/orquestra_errante_usertest.jpg>
Package luatex.def Info: pictures/cap4/orquestra_errante_usertest.jpg  used on i
nput line 1149.
(luatex.def)             Requested size: 455.0pt x 82.89003pt.
 [141<./pictures/cap4/orquestra_errante_usertest.jpg>]
Underfull \vbox (badness 1205) has occurred while \output is active []

 [142]
[143] [144]
<pictures/cap4/audioquery_firefox.png, id=2045, 1246.6575pt x 846.16125pt>
File: pictures/cap4/audioquery_firefox.png Graphic file (type png)
<use pictures/cap4/audioquery_firefox.png>
Package luatex.def Info: pictures/cap4/audioquery_firefox.png  used on input lin
e 1238.
(luatex.def)             Requested size: 222.9525pt x 151.32118pt.
File: pictures/cap4/audioquery_firefox.png Graphic file (type png)
<use pictures/cap4/audioquery_firefox.png>
Package luatex.def Info: pictures/cap4/audioquery_firefox.png  used on input lin
e 1245.
(luatex.def)             Requested size: 222.9525pt x 151.32118pt.
 [145]
Underfull \hbox (badness 10000) in paragraph at lines 1267--1267
\T1/ppl/m/n/10 sounds=376415,419165,346105,320306,213318,4832,321030,125346,101
195,52502,52499,84715,59356,166709,
 []


Underfull \vbox (badness 10000) has occurred while \output is active []

 [146<./pictures/cap4/audioquery_firefox.png>]
<pictures/cap4/diagrama-cannibal.png, id=2067, 341.3553pt x 341.3553pt>
File: pictures/cap4/diagrama-cannibal.png Graphic file (type png)
<use pictures/cap4/diagrama-cannibal.png>
Package luatex.def Info: pictures/cap4/diagrama-cannibal.png  used on input line
 1283.
(luatex.def)             Requested size: 455.0pt x 455.01251pt.
 [147] [148<./pictures/cap4/diagrama-cannibal.png>] [149]
Overfull \hbox (651.0952pt too wide) in paragraph at lines 1308--1310
[]\T1/ppl/m/n/12 last http://www.play-sound.space/chat/sounds=316948,219902,884
73,234539,421184,49044,235151,269384,303831,345836,435863,157487,233241,108443,
238745,371820,184480,83538,83540,56306,197306,111113,263946 
 []


Overfull \hbox (4914.27682pt too wide) in paragraph at lines 1311--1312
[]\T1/ppl/m/n/12 http://www.play-sound.space/chat/sounds=156969,330136,330088,3
20305,197821,42222,211702,151215,384538,389165,398721,262705,269136,77207,39993
3,407258,197721,342563,346486,196491,196468,337655,88057,36807,126020,125408,37
3311,49044,235151,269384,303831,345836,435863,157487,233241,108443,238745,37182
0,184480,83538,83540,56306,197306,111113,373311,49044,235151,269384,303831,3458
36,435863,157487,233241,108443,218478,238749,238745,371820,184480,83538,83540,5
6306,197306,111113,436577,263946,410615,342214,375492,205551,311865,222651,2206
17,221550,343407,323731,334070,265328,405674,405672,221477,106658,210217,131264
,213448,170779,277670,316948,219902,88473,234539,421184,68039,69439,269136,7720
7,399933,407258,196468,337655,88057,36807,126020,184480,342563,346486,126026,12
6027,126022,70070,70071,251462,167916,218478,184480,205551,390034,367302,367297
,367299,343851,260860,32166,276717,151306,7991,335618,161667,210793,403072,3324
09,367302,367297,333613,72125,251743,212777,277643 
 []


Underfull \vbox (badness 10000) has occurred while \output is active []

 [150]
Overfull \hbox (13.9176pt too wide) in paragraph at lines 1328--1329
[][][]$\T1/ppl/m/n/12 <http://www.playsound.space/sounds=373811,36274,50737,360
540,398712,238454,423526,
 []


Overfull \hbox (16.8404pt too wide) in paragraph at lines 1328--1329
\T1/ppl/m/n/12 397948,145685,47623,76420,76421,397948,417046,76422,435415,43541
4,340646,238456,238452,
 []


Overfull \hbox (19.7976pt too wide) in paragraph at lines 1330--1331
[][][]$\T1/ppl/m/n/12 <http://www.playsound.space/sounds=245381,394898,320303,2
4338,372181,411206,379249,
 []


Overfull \hbox (2.14038pt too wide) in paragraph at lines 1330--1331
\T1/ppl/m/n/12 266977,266916,382735,331624,321404,193900,188048,188051,373751,1
93810,193808,369913,
 []


Overfull \hbox (21.07489pt too wide) in paragraph at lines 1330--1331
\T1/ppl/m/n/12 433584,416439,7454,134968,101871,220910,326542,341561,411521,348
519,378211,50820,50823>$[][] 
 []

[151] [152
Missing character: There is no “ (U+201C) in font pplr8t!
Missing character: There is no ” (U+201D) in font pplr8t!
Missing character: There is no ’ (U+2019) in font pplr8t!
Missing character: There is no ’ (U+2019) in font pplr8t!
]
Overfull \hbox (936.94778pt too wide) in paragraph at lines 1400--1401
[]\T1/ppl/m/n/12 http://www.play-sound.space/sounds=386440,351623,339821,316025
,148571,176494,396483,427086,134908,332114,432441,232131,356107,373906,355826,3
55979,296145,148505,148508,409480,176494,351324,148548,295857,448552,148510,176
504,351327,320306,320311,371494 
 []

[153
Missing character: There is no ’ (U+2019) in font pplr8t!
Missing character: There is no ’ (U+2019) in font pplr8t!
]
Overfull \hbox (25.67761pt too wide) in paragraph at lines 1404--1405
[][][]$\T1/ppl/m/n/12 <http://www.playsound.space/sounds=386440,351623,339821,3
16025,148571,176494,396483,
 []

) (./cap-04-conclusao.tex [154] [155

Missing character: There is no – (U+2013) in font pplr8t!
Missing character: There is no – (U+2013) in font pplr8t!
] [156
Missing character: There is no – (U+2013) in font pplr8t!
Missing character: There is no – (U+2013) in font pplr8t!
Missing character: There is no — (U+2014) in font pplr8t!
Missing character: There is no — (U+2014) in font pplr8t!
]
Underfull \hbox (badness 10000) in paragraph at lines 57--57
[][] [][][][][]$\T1/ppl/m/n/10 <http://www.playsound.space/sounds=308270,308618
,309333,290401,43461,314864,399466,295858,
 []

) [157]
\openout2 = abntex2-modelo-include-comandos.aux

No file abntex2-modelo-include-comandos.tex.
(./tese.bbl (./tese.brf)
\tf@brf=\write6

\openout6 = tese.brf
 [158



]

Package hyperref Warning: Token not allowed in a PDF string (PDFDocEncoding):
(hyperref)                removing `\uppercase' on input line 3.

bibitemlist
[159] [160] [161
Missing character: There is no “ (U+201C) in font pplr8t!
Missing character: There is no ” (U+201D) in font pplr8t!
Missing character: There is no — (U+2014) in font pplr8t!
] [162] [163] [164] [165] [166]) [167] [168

]

Package hyperref Warning: Token not allowed in a PDF string (PDFDocEncoding):
(hyperref)                removing `\uppercase' on input line 652.

[169

] [170]
\openout2 = ape-tabelagatorra.aux
 (./ape-tabelagatorra.tex [171


] [172

] [173] [174
Missing character: There is no — (U+2014) in font pplr8t!
] [175
Missing character: There is no “ (U+201C) in font pplr8t!
Missing character: There is no ” (U+201D) in font pplr8t!
]
Underfull \vbox (badness 10000) has occurred while \output is active []

 [176]
[177]) [178]
\openout2 = ape-entrevistas.aux
 (./ape-entrevistas.tex) [179



]
\openout2 = ape-complementos.aux
 (./ape-complementos.tex [180



])
[181] (./tese.ind) 
AED: lastpage setting LastPage
\tf@lof=\write7

\openout7 = tese.lof
\tf@toc=\write8

\openout8 = tese.toc
Package atveryend Info: Empty hook `BeforeClearDocument' on input line 712.
Package atveryend Info: Empty hook `AfterLastShipout' on input line 712.
(./tese.aux (./abntex2-modelo-include-comandos.aux) (./ape-tabelagatorra.aux)
(./ape-entrevistas.aux) (./ape-complementos.aux))
Package atveryend Info: Executing hook `AtVeryEndDocument' on input line 712.
Package atveryend Info: Executing hook `AtEndAfterFileList' on input line 712.
Package rerunfilecheck Info: File `tese.brf' has not changed.
(rerunfilecheck)             Checksum: EEAF7085F827BD260BC57ACB28A7509D;11762.


LaTeX Warning: There were undefined references.


LaTeX Warning: There were multiply-defined labels.

Package atveryend Info: Empty hook `AtVeryVeryEnd' on input line 712.
)

Here is how much of LuaTeX's memory you used:
 29289 strings out of 494413
 2274269,953878 words of node,token memory allocated
 1850477 words of node memory still in use:
   2 hlist, 3 vlist, 1 rule, 97 glue, 1 penalty, 258818 glyph, 15630 attribute, 
193 glue_spec, 2605 attribute_list, 5 write, 1 pdf_dest, 82 pdf_action nodes
   avail lists: 1:2,2:1674,3:611,4:165,5:176,6:45,7:2214,8:256,9:522,10:30,11:63
8
 30719 multiletter control sequences out of 65536+600000
 170 fonts using 10877799 bytes
 68i,13n,95p,2373b,750s stack positions out of 5000i,500n,10000p,200000b,100000s
{/usr/local/texlive/2018/texmf-dist/fonts/enc/dvips/lm/lm-ec.enc}{/usr/local/tex
live/2018/texmf-dist/fonts/enc/dvips/base/8r.enc}</usr/local/texlive/2018/texmf-
dist/fonts/type1/public/amsfonts/cm/cmsy10.pfb></usr/local/texlive/2018/texmf-di
st/fonts/type1/public/lm/lmss10.pfb></usr/local/texlive/2018/texmf-dist/fonts/ty
pe1/public/lm/lmss12.pfb></usr/local/texlive/2018/texmf-dist/fonts/type1/public/
lm/lmss17.pfb></usr/local/texlive/2018/texmf-dist/fonts/type1/public/lm/lmssbx10
.pfb></usr/local/texlive/2018/texmf-dist/fonts/type1/public/lm/lmsso12.pfb></usr
/local/texlive/2018/texmf-dist/fonts/type1/public/lm/lmtt12.pfb></usr/local/texl
ive/2018/texmf-dist/fonts/type1/urw/palatino/uplb8a.pfb></usr/local/texlive/2018
/texmf-dist/fonts/type1/urw/palatino/uplr8a.pfb></usr/local/texlive/2018/texmf-d
ist/fonts/type1/urw/palatino/uplri8a.pfb>
Output written on tese.pdf (183 pages, 38325997 bytes).

PDF statistics: 2928 PDF objects out of 2984 (max. 8388607)
 2544 compressed objects within 26 object streams
 570 named destinations out of 1000 (max. 131072)
 752 words of extra memory for PDF output out of 10000 (max. 100000000)

